[2022-09-07 00:03:52:815334] INFO  14852 --- [nio-8080-exec-2] o.s.web.servlet.DispatcherServlet        : Initializing Servlet 'dispatcherServlet'
[2022-09-07 00:03:52:815338] INFO  14852 --- [nio-8080-exec-2] o.s.web.servlet.DispatcherServlet        : Completed initialization in 1 ms
[2022-09-07 00:06:36:19192] INFO  14000 --- [nio-8080-exec-2] o.s.web.servlet.DispatcherServlet        : Initializing Servlet 'dispatcherServlet'
[2022-09-07 00:06:36:19194] INFO  14000 --- [nio-8080-exec-2] o.s.web.servlet.DispatcherServlet        : Completed initialization in 1 ms
[2022-09-07 00:07:46:21936] INFO  15776 --- [nio-8080-exec-1] o.s.web.servlet.DispatcherServlet        : Initializing Servlet 'dispatcherServlet'
[2022-09-07 00:07:46:21952] INFO  15776 --- [nio-8080-exec-1] o.s.web.servlet.DispatcherServlet        : Completed initialization in 1 ms
[2022-09-07 00:12:33:308605] INFO  15776 --- [nio-8080-exec-2] o.s.web.servlet.DispatcherServlet        : Initializing Servlet 'dispatcherServlet'
[2022-09-07 00:12:33:308606] INFO  15776 --- [nio-8080-exec-2] o.s.web.servlet.DispatcherServlet        : Completed initialization in 1 ms
[2022-09-07 09:36:46:132219] INFO  11976 --- [nio-8080-exec-1] o.s.web.servlet.DispatcherServlet        : Initializing Servlet 'dispatcherServlet'
[2022-09-07 09:36:46:132220] INFO  11976 --- [nio-8080-exec-1] o.s.web.servlet.DispatcherServlet        : Completed initialization in 1 ms
[2022-09-07 09:38:48:254322] INFO  11976 --- [nio-8080-exec-1] o.s.web.servlet.DispatcherServlet        : Initializing Servlet 'dispatcherServlet'
[2022-09-07 09:38:48:254323] INFO  11976 --- [nio-8080-exec-1] o.s.web.servlet.DispatcherServlet        : Completed initialization in 1 ms
[2022-09-07 09:39:33:299139] INFO  11976 --- [nio-8080-exec-1] o.s.web.servlet.DispatcherServlet        : Initializing Servlet 'dispatcherServlet'
[2022-09-07 09:39:33:299140] INFO  11976 --- [nio-8080-exec-1] o.s.web.servlet.DispatcherServlet        : Completed initialization in 1 ms
[2022-09-07 09:42:17:33955] INFO  6520 --- [nio-8080-exec-1] o.s.web.servlet.DispatcherServlet        : Initializing Servlet 'dispatcherServlet'
[2022-09-07 09:42:17:33956] INFO  6520 --- [nio-8080-exec-1] o.s.web.servlet.DispatcherServlet        : Completed initialization in 1 ms
[2022-09-07 09:44:59:64851] INFO  2092 --- [nio-8080-exec-1] o.s.web.servlet.DispatcherServlet        : Initializing Servlet 'dispatcherServlet'
[2022-09-07 09:44:59:64853] INFO  2092 --- [nio-8080-exec-1] o.s.web.servlet.DispatcherServlet        : Completed initialization in 2 ms
[2022-09-07 09:54:24:629225] INFO  2092 --- [nio-8080-exec-2] o.s.web.servlet.DispatcherServlet        : Initializing Servlet 'dispatcherServlet'
[2022-09-07 09:54:24:629226] INFO  2092 --- [nio-8080-exec-2] o.s.web.servlet.DispatcherServlet        : Completed initialization in 1 ms
[2022-09-07 11:27:41:75597575] INFO  2180 --- [nio-8080-exec-1] o.s.web.servlet.DispatcherServlet        : Initializing Servlet 'dispatcherServlet'
[2022-09-07 11:27:41:75597576] INFO  2180 --- [nio-8080-exec-1] o.s.web.servlet.DispatcherServlet        : Completed initialization in 1 ms
[2022-09-07 11:44:23:76599969] INFO  2180 --- [nio-8080-exec-1] o.s.web.servlet.DispatcherServlet        : Initializing Servlet 'dispatcherServlet'
[2022-09-07 11:44:23:76599970] INFO  2180 --- [nio-8080-exec-1] o.s.web.servlet.DispatcherServlet        : Completed initialization in 1 ms
[2022-09-07 11:54:32:77208307] INFO  2180 --- [nio-8080-exec-1] o.s.web.servlet.DispatcherServlet        : Initializing Servlet 'dispatcherServlet'
[2022-09-07 11:54:32:77208308] INFO  2180 --- [nio-8080-exec-1] o.s.web.servlet.DispatcherServlet        : Completed initialization in 1 ms
[2022-09-07 11:54:58:77234981] WARN  2180 --- [nio-8080-exec-2] .w.s.m.s.DefaultHandlerExceptionResolver : Resolved [org.springframework.web.multipart.support.MissingServletRequestPartException: Required request part 'file' is not present]
[2022-09-07 11:58:15:77431289] WARN  2180 --- [nio-8080-exec-9] .w.s.m.s.DefaultHandlerExceptionResolver : Resolved [org.springframework.web.multipart.support.MissingServletRequestPartException: Required request part 'file' is not present]
[2022-09-07 12:00:54:77590390] WARN  2180 --- [nio-8080-exec-1] .w.s.m.s.DefaultHandlerExceptionResolver : Resolved [org.springframework.web.multipart.support.MissingServletRequestPartException: Required request part 'file' is not present]
[2022-09-07 12:04:01:77777656] INFO  2180 --- [nio-8080-exec-1] o.s.web.servlet.DispatcherServlet        : Initializing Servlet 'dispatcherServlet'
[2022-09-07 12:04:01:77777658] INFO  2180 --- [nio-8080-exec-1] o.s.web.servlet.DispatcherServlet        : Completed initialization in 2 ms
[2022-09-07 12:09:29:78105498] INFO  2180 --- [nio-8080-exec-1] o.s.web.servlet.DispatcherServlet        : Initializing Servlet 'dispatcherServlet'
[2022-09-07 12:09:29:78105499] INFO  2180 --- [nio-8080-exec-1] o.s.web.servlet.DispatcherServlet        : Completed initialization in 0 ms
[2022-09-07 12:10:02:78138269] WARN  2180 --- [nio-8080-exec-7] .w.s.m.s.DefaultHandlerExceptionResolver : Resolved [org.springframework.web.multipart.support.MissingServletRequestPartException: Required request part 'file' is not present]
[2022-09-07 12:16:09:78506247] WARN  2180 --- [nio-8080-exec-4] .w.s.m.s.DefaultHandlerExceptionResolver : Resolved [org.springframework.web.multipart.support.MissingServletRequestPartException: Required request part 'file' is not present]
[2022-09-07 15:52:35:91491723] WARN  2180 --- [nio-8080-exec-2] .w.s.m.s.DefaultHandlerExceptionResolver : Resolved [org.springframework.http.converter.HttpMessageNotReadableException: JSON parse error: Cannot deserialize value of type `java.lang.Long` from String "사번": not a valid `java.lang.Long` value; nested exception is com.fasterxml.jackson.databind.exc.InvalidFormatException: Cannot deserialize value of type `java.lang.Long` from String "사번": not a valid `java.lang.Long` value<EOL> at [Source: (org.springframework.util.StreamUtils$NonClosingInputStream); line: 1, column: 15] (through reference chain: com.gongzone.employee.dto.EmployeeRequestDto["employeeId"])]
[2022-09-07 16:01:22:92018686] WARN  2180 --- [nio-8080-exec-1] .w.s.m.s.DefaultHandlerExceptionResolver : Resolved [org.springframework.http.converter.HttpMessageNotReadableException: JSON parse error: Cannot deserialize value of type `java.lang.Long` from String "이제는": not a valid `java.lang.Long` value; nested exception is com.fasterxml.jackson.databind.exc.InvalidFormatException: Cannot deserialize value of type `java.lang.Long` from String "이제는": not a valid `java.lang.Long` value<EOL> at [Source: (org.springframework.util.StreamUtils$NonClosingInputStream); line: 1, column: 15] (through reference chain: com.gongzone.employee.dto.EmployeeRequestDto["employeeId"])]
[2022-09-07 16:12:36:92693230] WARN  2180 --- [nio-8080-exec-9] .w.s.m.s.DefaultHandlerExceptionResolver : Resolved [org.springframework.http.converter.HttpMessageNotReadableException: JSON parse error: Cannot deserialize value of type `java.lang.Long` from String "asdasd": not a valid `java.lang.Long` value; nested exception is com.fasterxml.jackson.databind.exc.InvalidFormatException: Cannot deserialize value of type `java.lang.Long` from String "asdasd": not a valid `java.lang.Long` value<EOL> at [Source: (org.springframework.util.StreamUtils$NonClosingInputStream); line: 1, column: 15] (through reference chain: com.gongzone.employee.dto.EmployeeRequestDto["employeeId"])]
[2022-09-07 18:07:59:99615932] INFO  2180 --- [nio-8080-exec-1] o.s.web.servlet.DispatcherServlet        : Initializing Servlet 'dispatcherServlet'
[2022-09-07 18:07:59:99615934] INFO  2180 --- [nio-8080-exec-1] o.s.web.servlet.DispatcherServlet        : Completed initialization in 2 ms
[2022-09-07 18:08:28:99644576] INFO  2180 --- [nio-8080-exec-1] o.s.web.servlet.DispatcherServlet        : Initializing Servlet 'dispatcherServlet'
[2022-09-07 18:08:28:99644577] INFO  2180 --- [nio-8080-exec-1] o.s.web.servlet.DispatcherServlet        : Completed initialization in 1 ms
[2022-09-07 18:16:24:100120840] INFO  2180 --- [nio-8080-exec-1] o.s.web.servlet.DispatcherServlet        : Initializing Servlet 'dispatcherServlet'
[2022-09-07 18:16:24:100120843] INFO  2180 --- [nio-8080-exec-1] o.s.web.servlet.DispatcherServlet        : Completed initialization in 3 ms
[2022-09-07 18:16:48:100145001] INFO  2180 --- [nio-8080-exec-1] o.s.web.servlet.DispatcherServlet        : Initializing Servlet 'dispatcherServlet'
[2022-09-07 18:16:48:100145003] INFO  2180 --- [nio-8080-exec-1] o.s.web.servlet.DispatcherServlet        : Completed initialization in 1 ms
[2022-09-07 18:17:18:100174711] INFO  2180 --- [nio-8080-exec-1] o.s.web.servlet.DispatcherServlet        : Initializing Servlet 'dispatcherServlet'
[2022-09-07 18:17:18:100174712] INFO  2180 --- [nio-8080-exec-1] o.s.web.servlet.DispatcherServlet        : Completed initialization in 1 ms
[2022-09-07 18:20:35:100371292] INFO  2180 --- [nio-8080-exec-1] o.s.web.servlet.DispatcherServlet        : Initializing Servlet 'dispatcherServlet'
[2022-09-07 18:20:35:100371294] INFO  2180 --- [nio-8080-exec-1] o.s.web.servlet.DispatcherServlet        : Completed initialization in 1 ms
[2022-09-07 18:22:15:100472065] INFO  2180 --- [nio-8080-exec-1] o.s.web.servlet.DispatcherServlet        : Initializing Servlet 'dispatcherServlet'
[2022-09-07 18:22:15:100472067] INFO  2180 --- [nio-8080-exec-1] o.s.web.servlet.DispatcherServlet        : Completed initialization in 2 ms
[2022-09-07 18:23:08:100524565] INFO  2180 --- [nio-8080-exec-1] o.s.web.servlet.DispatcherServlet        : Initializing Servlet 'dispatcherServlet'
[2022-09-07 18:23:08:100524566] INFO  2180 --- [nio-8080-exec-1] o.s.web.servlet.DispatcherServlet        : Completed initialization in 1 ms
