[2022-09-06 15:23:49:15675] DEBUG 15628 --- [  restartedMain] s.w.s.m.m.a.RequestMappingHandlerMapping : 65 mappings in 'requestMappingHandlerMapping'
[2022-09-06 15:23:50:15942] DEBUG 15628 --- [  restartedMain] s.w.s.m.m.a.RequestMappingHandlerAdapter : ControllerAdvice beans: 0 @ModelAttribute, 0 @InitBinder, 1 RequestBodyAdvice, 1 ResponseBodyAdvice
[2022-09-06 15:23:50:15973] DEBUG 15628 --- [  restartedMain] o.s.w.s.h.SimpleUrlHandlerMapping        : Patterns [/swagger-ui/] in 'viewControllerHandlerMapping'
[2022-09-06 15:23:50:16562] DEBUG 15628 --- [  restartedMain] o.s.w.s.h.SimpleUrlHandlerMapping        : Patterns [/webjars/**, /**, /swagger-ui*/**, /swagger-ui/**] in 'resourceHandlerMapping'
[2022-09-06 15:23:50:16569] DEBUG 15628 --- [  restartedMain] .m.m.a.ExceptionHandlerExceptionResolver : ControllerAdvice beans: 1 @ExceptionHandler, 1 ResponseBodyAdvice
[2022-09-06 15:24:24:50350] INFO  15628 --- [nio-8080-exec-1] o.s.web.servlet.DispatcherServlet        : Initializing Servlet 'dispatcherServlet'
[2022-09-06 15:24:24:50351] DEBUG 15628 --- [nio-8080-exec-1] o.s.web.servlet.DispatcherServlet        : Detected StandardServletMultipartResolver
[2022-09-06 15:24:24:50351] DEBUG 15628 --- [nio-8080-exec-1] o.s.web.servlet.DispatcherServlet        : Detected AcceptHeaderLocaleResolver
[2022-09-06 15:24:24:50351] DEBUG 15628 --- [nio-8080-exec-1] o.s.web.servlet.DispatcherServlet        : Detected FixedThemeResolver
[2022-09-06 15:24:24:50353] DEBUG 15628 --- [nio-8080-exec-1] o.s.web.servlet.DispatcherServlet        : Detected org.springframework.web.servlet.view.DefaultRequestToViewNameTranslator@7174fb5e
[2022-09-06 15:24:24:50353] DEBUG 15628 --- [nio-8080-exec-1] o.s.web.servlet.DispatcherServlet        : Detected org.springframework.web.servlet.support.SessionFlashMapManager@1ba4ee64
[2022-09-06 15:24:24:50353] DEBUG 15628 --- [nio-8080-exec-1] o.s.web.servlet.DispatcherServlet        : enableLoggingRequestDetails='false': request parameters and headers will be masked to prevent unsafe logging of potentially sensitive data
[2022-09-06 15:24:24:50353] INFO  15628 --- [nio-8080-exec-1] o.s.web.servlet.DispatcherServlet        : Completed initialization in 2 ms
[2022-09-06 15:24:24:50398] DEBUG 15628 --- [nio-8080-exec-1] o.s.web.servlet.DispatcherServlet        : GET "/api/production/list", parameters={}
[2022-09-06 15:24:24:50401] DEBUG 15628 --- [nio-8080-exec-1] s.w.s.m.m.a.RequestMappingHandlerMapping : Mapped to com.gongzone.production.apiController.ProductionRestController#findAllProductions()
[2022-09-06 15:24:24:50521] DEBUG 15628 --- [nio-8080-exec-1] o.s.w.s.m.m.a.HttpEntityMethodProcessor  : Using 'application/json', given [application/json, text/plain, */*] and supported [application/json, application/*+json, application/json, application/*+json, application/cbor]
[2022-09-06 15:24:24:50522] DEBUG 15628 --- [nio-8080-exec-1] o.s.w.s.m.m.a.HttpEntityMethodProcessor  : Writing [[com.gongzone.production.dto.ProductionListDto@620ed643, com.gongzone.production.dto.ProductionListD (truncated)...]
[2022-09-06 15:24:24:50538] DEBUG 15628 --- [nio-8080-exec-1] o.s.web.servlet.DispatcherServlet        : Completed 200 OK
[2022-09-06 15:24:34:59891] DEBUG 15628 --- [nio-8080-exec-3] o.s.web.servlet.DispatcherServlet        : GET "/api/production/list", parameters={}
[2022-09-06 15:24:34:59892] DEBUG 15628 --- [nio-8080-exec-3] s.w.s.m.m.a.RequestMappingHandlerMapping : Mapped to com.gongzone.production.apiController.ProductionRestController#findAllProductions()
[2022-09-06 15:24:34:59956] DEBUG 15628 --- [nio-8080-exec-3] o.s.w.s.m.m.a.HttpEntityMethodProcessor  : Using 'application/json', given [application/json, text/plain, */*] and supported [application/json, application/*+json, application/json, application/*+json, application/cbor]
[2022-09-06 15:24:34:59956] DEBUG 15628 --- [nio-8080-exec-3] o.s.w.s.m.m.a.HttpEntityMethodProcessor  : Writing [[com.gongzone.production.dto.ProductionListDto@b0d5def, com.gongzone.production.dto.ProductionListDt (truncated)...]
[2022-09-06 15:24:34:59959] DEBUG 15628 --- [nio-8080-exec-3] o.s.web.servlet.DispatcherServlet        : Completed 200 OK
[2022-09-06 15:24:38:64514] DEBUG 15628 --- [nio-8080-exec-4] o.s.web.servlet.DispatcherServlet        : GET "/api/client/list", parameters={}
[2022-09-06 15:24:38:64515] DEBUG 15628 --- [nio-8080-exec-4] s.w.s.m.m.a.RequestMappingHandlerMapping : Mapped to com.gongzone.client.apiController.ApiClientController#findAllClient()
[2022-09-06 15:24:38:64516] DEBUG 15628 --- [nio-8080-exec-2] o.s.web.servlet.DispatcherServlet        : GET "/api/production/lists", parameters={}
[2022-09-06 15:24:38:64519] DEBUG 15628 --- [nio-8080-exec-2] s.w.s.m.m.a.RequestMappingHandlerMapping : Mapped to com.gongzone.production.apiController.ProductionRestController#findByProductionId(Long)
[2022-09-06 15:24:38:64533] DEBUG 15628 --- [nio-8080-exec-2] o.s.web.method.HandlerMethod             : Could not resolve parameter [0] in public org.springframework.http.ResponseEntity<com.gongzone.production.dto.ProductionDetailsDto> com.gongzone.production.apiController.ProductionRestController.findByProductionId(java.lang.Long) throws com.gongzone.common.errors.exception.RestApiException: Failed to convert value of type 'java.lang.String' to required type 'java.lang.Long'; nested exception is java.lang.NumberFormatException: For input string: "lists"
[2022-09-06 15:24:38:64535] WARN  15628 --- [nio-8080-exec-2] .w.s.m.s.DefaultHandlerExceptionResolver : Resolved [org.springframework.web.method.annotation.MethodArgumentTypeMismatchException: Failed to convert value of type 'java.lang.String' to required type 'java.lang.Long'; nested exception is java.lang.NumberFormatException: For input string: "lists"]
[2022-09-06 15:24:38:64535] DEBUG 15628 --- [nio-8080-exec-2] o.s.web.servlet.DispatcherServlet        : Completed 400 BAD_REQUEST
[2022-09-06 15:24:38:64540] DEBUG 15628 --- [nio-8080-exec-2] o.s.web.servlet.DispatcherServlet        : "ERROR" dispatch for GET "/error", parameters={}
[2022-09-06 15:24:38:64543] DEBUG 15628 --- [nio-8080-exec-4] o.s.w.s.m.m.a.HttpEntityMethodProcessor  : Using 'application/json', given [application/json, text/plain, */*] and supported [application/json, application/*+json, application/json, application/*+json, application/cbor]
[2022-09-06 15:24:38:64544] DEBUG 15628 --- [nio-8080-exec-2] s.w.s.m.m.a.RequestMappingHandlerMapping : Mapped to org.springframework.boot.autoconfigure.web.servlet.error.BasicErrorController#error(HttpServletRequest)
[2022-09-06 15:24:38:64544] DEBUG 15628 --- [nio-8080-exec-4] o.s.w.s.m.m.a.HttpEntityMethodProcessor  : Writing [[ClientListDto(clientId=1, clientName=도미노, clientAddress=부산시 동래구, clientManager=강동현, clientTel=010-0 (truncated)...]
[2022-09-06 15:24:38:64547] DEBUG 15628 --- [nio-8080-exec-4] o.s.web.servlet.DispatcherServlet        : Completed 200 OK
[2022-09-06 15:24:38:64552] DEBUG 15628 --- [nio-8080-exec-2] o.s.w.s.m.m.a.HttpEntityMethodProcessor  : Using 'application/json', given [application/json, text/plain, */*] and supported [application/json, application/*+json, application/json, application/*+json, application/cbor]
[2022-09-06 15:24:38:64552] DEBUG 15628 --- [nio-8080-exec-2] o.s.w.s.m.m.a.HttpEntityMethodProcessor  : Writing [{timestamp=Tue Sep 06 15:24:38 KST 2022, status=400, error=Bad Request, trace=org.springframework.we (truncated)...]
[2022-09-06 15:24:38:64561] DEBUG 15628 --- [nio-8080-exec-2] o.s.web.servlet.DispatcherServlet        : Exiting from "ERROR" dispatch, status 400
[2022-09-06 15:25:37:123394] DEBUG 15628 --- [  restartedMain] s.w.s.m.m.a.RequestMappingHandlerMapping : 65 mappings in 'requestMappingHandlerMapping'
[2022-09-06 15:25:37:123476] DEBUG 15628 --- [  restartedMain] s.w.s.m.m.a.RequestMappingHandlerAdapter : ControllerAdvice beans: 0 @ModelAttribute, 0 @InitBinder, 1 RequestBodyAdvice, 1 ResponseBodyAdvice
[2022-09-06 15:25:37:123481] DEBUG 15628 --- [  restartedMain] o.s.w.s.h.SimpleUrlHandlerMapping        : Patterns [/swagger-ui/] in 'viewControllerHandlerMapping'
[2022-09-06 15:25:37:123799] DEBUG 15628 --- [  restartedMain] o.s.w.s.h.SimpleUrlHandlerMapping        : Patterns [/webjars/**, /**, /swagger-ui*/**, /swagger-ui/**] in 'resourceHandlerMapping'
[2022-09-06 15:25:37:123806] DEBUG 15628 --- [  restartedMain] .m.m.a.ExceptionHandlerExceptionResolver : ControllerAdvice beans: 1 @ExceptionHandler, 1 ResponseBodyAdvice
[2022-09-06 16:14:30:13211] DEBUG 2760 --- [  restartedMain] s.w.s.m.m.a.RequestMappingHandlerMapping : 65 mappings in 'requestMappingHandlerMapping'
[2022-09-06 16:14:31:13506] DEBUG 2760 --- [  restartedMain] s.w.s.m.m.a.RequestMappingHandlerAdapter : ControllerAdvice beans: 0 @ModelAttribute, 0 @InitBinder, 1 RequestBodyAdvice, 1 ResponseBodyAdvice
[2022-09-06 16:14:31:13547] DEBUG 2760 --- [  restartedMain] o.s.w.s.h.SimpleUrlHandlerMapping        : Patterns [/swagger-ui/] in 'viewControllerHandlerMapping'
[2022-09-06 16:14:31:14012] DEBUG 2760 --- [  restartedMain] o.s.w.s.h.SimpleUrlHandlerMapping        : Patterns [/webjars/**, /**, /swagger-ui*/**, /swagger-ui/**] in 'resourceHandlerMapping'
[2022-09-06 16:14:31:14020] DEBUG 2760 --- [  restartedMain] .m.m.a.ExceptionHandlerExceptionResolver : ControllerAdvice beans: 1 @ExceptionHandler, 1 ResponseBodyAdvice
[2022-09-06 16:14:33:16243] INFO  2760 --- [nio-8080-exec-3] o.s.web.servlet.DispatcherServlet        : Initializing Servlet 'dispatcherServlet'
[2022-09-06 16:14:33:16244] DEBUG 2760 --- [nio-8080-exec-3] o.s.web.servlet.DispatcherServlet        : Detected StandardServletMultipartResolver
[2022-09-06 16:14:33:16244] DEBUG 2760 --- [nio-8080-exec-3] o.s.web.servlet.DispatcherServlet        : Detected AcceptHeaderLocaleResolver
[2022-09-06 16:14:33:16245] DEBUG 2760 --- [nio-8080-exec-3] o.s.web.servlet.DispatcherServlet        : Detected FixedThemeResolver
[2022-09-06 16:14:33:16249] DEBUG 2760 --- [nio-8080-exec-3] o.s.web.servlet.DispatcherServlet        : Detected org.springframework.web.servlet.view.DefaultRequestToViewNameTranslator@497a30d
[2022-09-06 16:14:33:16250] DEBUG 2760 --- [nio-8080-exec-3] o.s.web.servlet.DispatcherServlet        : Detected org.springframework.web.servlet.support.SessionFlashMapManager@69f324e9
[2022-09-06 16:14:33:16250] DEBUG 2760 --- [nio-8080-exec-3] o.s.web.servlet.DispatcherServlet        : enableLoggingRequestDetails='false': request parameters and headers will be masked to prevent unsafe logging of potentially sensitive data
[2022-09-06 16:14:33:16250] INFO  2760 --- [nio-8080-exec-3] o.s.web.servlet.DispatcherServlet        : Completed initialization in 6 ms
[2022-09-06 16:14:34:16383] DEBUG 2760 --- [nio-8080-exec-3] o.s.web.servlet.DispatcherServlet        : GET "/api/production/list", parameters={}
[2022-09-06 16:14:34:16390] DEBUG 2760 --- [nio-8080-exec-3] s.w.s.m.m.a.RequestMappingHandlerMapping : Mapped to com.gongzone.production.apiController.ProductionRestController#findAllProductions()
[2022-09-06 16:14:34:16754] DEBUG 2760 --- [nio-8080-exec-3] o.s.w.s.m.m.a.HttpEntityMethodProcessor  : Using 'application/json', given [*/*] and supported [application/json, application/*+json, application/json, application/*+json, application/cbor]
[2022-09-06 16:14:34:16757] DEBUG 2760 --- [nio-8080-exec-3] o.s.w.s.m.m.a.HttpEntityMethodProcessor  : Writing [[com.gongzone.production.dto.ProductionListDto@713e1e5b, com.gongzone.production.dto.ProductionListD (truncated)...]
[2022-09-06 16:14:34:16816] DEBUG 2760 --- [nio-8080-exec-3] o.s.web.servlet.DispatcherServlet        : Completed 200 OK
[2022-09-06 16:14:39:22251] DEBUG 2760 --- [nio-8080-exec-2] o.s.web.servlet.DispatcherServlet        : GET "/api/production/lists", parameters={}
[2022-09-06 16:14:39:22252] DEBUG 2760 --- [nio-8080-exec-2] s.w.s.m.m.a.RequestMappingHandlerMapping : Mapped to com.gongzone.production.apiController.ProductionRestController#findByProductionId(Long)
[2022-09-06 16:14:39:22260] DEBUG 2760 --- [nio-8080-exec-2] o.s.web.method.HandlerMethod             : Could not resolve parameter [0] in public org.springframework.http.ResponseEntity<com.gongzone.production.dto.ProductionDetailsDto> com.gongzone.production.apiController.ProductionRestController.findByProductionId(java.lang.Long) throws com.gongzone.common.errors.exception.RestApiException: Failed to convert value of type 'java.lang.String' to required type 'java.lang.Long'; nested exception is java.lang.NumberFormatException: For input string: "lists"
[2022-09-06 16:14:39:22261] WARN  2760 --- [nio-8080-exec-2] .w.s.m.s.DefaultHandlerExceptionResolver : Resolved [org.springframework.web.method.annotation.MethodArgumentTypeMismatchException: Failed to convert value of type 'java.lang.String' to required type 'java.lang.Long'; nested exception is java.lang.NumberFormatException: For input string: "lists"]
[2022-09-06 16:14:39:22262] DEBUG 2760 --- [nio-8080-exec-2] o.s.web.servlet.DispatcherServlet        : Completed 400 BAD_REQUEST
[2022-09-06 16:14:39:22265] DEBUG 2760 --- [nio-8080-exec-2] o.s.web.servlet.DispatcherServlet        : "ERROR" dispatch for GET "/error", parameters={}
[2022-09-06 16:14:39:22267] DEBUG 2760 --- [nio-8080-exec-2] s.w.s.m.m.a.RequestMappingHandlerMapping : Mapped to org.springframework.boot.autoconfigure.web.servlet.error.BasicErrorController#error(HttpServletRequest)
[2022-09-06 16:14:39:22272] DEBUG 2760 --- [nio-8080-exec-2] o.s.w.s.m.m.a.HttpEntityMethodProcessor  : Using 'application/json', given [*/*] and supported [application/json, application/*+json, application/json, application/*+json, application/cbor]
[2022-09-06 16:14:39:22273] DEBUG 2760 --- [nio-8080-exec-2] o.s.w.s.m.m.a.HttpEntityMethodProcessor  : Writing [{timestamp=Tue Sep 06 16:14:39 KST 2022, status=400, error=Bad Request, trace=org.springframework.we (truncated)...]
[2022-09-06 16:14:39:22279] DEBUG 2760 --- [nio-8080-exec-2] o.s.web.servlet.DispatcherServlet        : Exiting from "ERROR" dispatch, status 400
[2022-09-06 16:30:41:13063] DEBUG 6404 --- [  restartedMain] s.w.s.m.m.a.RequestMappingHandlerMapping : 65 mappings in 'requestMappingHandlerMapping'
[2022-09-06 16:30:41:13332] DEBUG 6404 --- [  restartedMain] s.w.s.m.m.a.RequestMappingHandlerAdapter : ControllerAdvice beans: 0 @ModelAttribute, 0 @InitBinder, 1 RequestBodyAdvice, 1 ResponseBodyAdvice
[2022-09-06 16:30:41:13371] DEBUG 6404 --- [  restartedMain] o.s.w.s.h.SimpleUrlHandlerMapping        : Patterns [/swagger-ui/] in 'viewControllerHandlerMapping'
[2022-09-06 16:30:42:13974] DEBUG 6404 --- [  restartedMain] o.s.w.s.h.SimpleUrlHandlerMapping        : Patterns [/webjars/**, /**, /swagger-ui*/**, /swagger-ui/**] in 'resourceHandlerMapping'
[2022-09-06 16:30:42:13981] DEBUG 6404 --- [  restartedMain] .m.m.a.ExceptionHandlerExceptionResolver : ControllerAdvice beans: 1 @ExceptionHandler, 1 ResponseBodyAdvice
[2022-09-06 16:30:48:19915] INFO  6404 --- [nio-8080-exec-2] o.s.web.servlet.DispatcherServlet        : Initializing Servlet 'dispatcherServlet'
[2022-09-06 16:30:48:19915] DEBUG 6404 --- [nio-8080-exec-2] o.s.web.servlet.DispatcherServlet        : Detected StandardServletMultipartResolver
[2022-09-06 16:30:48:19915] DEBUG 6404 --- [nio-8080-exec-2] o.s.web.servlet.DispatcherServlet        : Detected AcceptHeaderLocaleResolver
[2022-09-06 16:30:48:19915] DEBUG 6404 --- [nio-8080-exec-2] o.s.web.servlet.DispatcherServlet        : Detected FixedThemeResolver
[2022-09-06 16:30:48:19916] DEBUG 6404 --- [nio-8080-exec-2] o.s.web.servlet.DispatcherServlet        : Detected org.springframework.web.servlet.view.DefaultRequestToViewNameTranslator@4206a0d1
[2022-09-06 16:30:48:19918] DEBUG 6404 --- [nio-8080-exec-2] o.s.web.servlet.DispatcherServlet        : Detected org.springframework.web.servlet.support.SessionFlashMapManager@57ec148a
[2022-09-06 16:30:48:19918] DEBUG 6404 --- [nio-8080-exec-2] o.s.web.servlet.DispatcherServlet        : enableLoggingRequestDetails='false': request parameters and headers will be masked to prevent unsafe logging of potentially sensitive data
[2022-09-06 16:30:48:19918] INFO  6404 --- [nio-8080-exec-2] o.s.web.servlet.DispatcherServlet        : Completed initialization in 3 ms
[2022-09-06 16:30:59:31065] DEBUG 6404 --- [nio-8080-exec-4] o.s.web.servlet.DispatcherServlet        : GET "/api/production/lists", parameters={}
[2022-09-06 16:30:59:31078] DEBUG 6404 --- [nio-8080-exec-4] s.w.s.m.m.a.RequestMappingHandlerMapping : Mapped to com.gongzone.production.apiController.ProductionRestController#findByProductionId(Long)
[2022-09-06 16:30:59:31113] DEBUG 6404 --- [nio-8080-exec-4] o.s.web.method.HandlerMethod             : Could not resolve parameter [0] in public org.springframework.http.ResponseEntity<com.gongzone.production.dto.ProductionDetailsDto> com.gongzone.production.apiController.ProductionRestController.findByProductionId(java.lang.Long) throws com.gongzone.common.errors.exception.RestApiException: Failed to convert value of type 'java.lang.String' to required type 'java.lang.Long'; nested exception is java.lang.NumberFormatException: For input string: "lists"
[2022-09-06 16:30:59:31117] WARN  6404 --- [nio-8080-exec-4] .w.s.m.s.DefaultHandlerExceptionResolver : Resolved [org.springframework.web.method.annotation.MethodArgumentTypeMismatchException: Failed to convert value of type 'java.lang.String' to required type 'java.lang.Long'; nested exception is java.lang.NumberFormatException: For input string: "lists"]
[2022-09-06 16:30:59:31117] DEBUG 6404 --- [nio-8080-exec-4] o.s.web.servlet.DispatcherServlet        : Completed 400 BAD_REQUEST
[2022-09-06 16:30:59:31120] DEBUG 6404 --- [nio-8080-exec-4] o.s.web.servlet.DispatcherServlet        : "ERROR" dispatch for GET "/error", parameters={}
[2022-09-06 16:30:59:31124] DEBUG 6404 --- [nio-8080-exec-4] s.w.s.m.m.a.RequestMappingHandlerMapping : Mapped to org.springframework.boot.autoconfigure.web.servlet.error.BasicErrorController#error(HttpServletRequest)
[2022-09-06 16:30:59:31154] DEBUG 6404 --- [nio-8080-exec-4] o.s.w.s.m.m.a.HttpEntityMethodProcessor  : Using 'application/json', given [*/*] and supported [application/json, application/*+json, application/json, application/*+json, application/cbor]
[2022-09-06 16:30:59:31156] DEBUG 6404 --- [nio-8080-exec-4] o.s.w.s.m.m.a.HttpEntityMethodProcessor  : Writing [{timestamp=Tue Sep 06 16:30:59 KST 2022, status=400, error=Bad Request, trace=org.springframework.we (truncated)...]
[2022-09-06 16:30:59:31196] DEBUG 6404 --- [nio-8080-exec-4] o.s.web.servlet.DispatcherServlet        : Exiting from "ERROR" dispatch, status 400
[2022-09-06 16:31:18:50002] DEBUG 6404 --- [nio-8080-exec-7] o.s.web.servlet.DispatcherServlet        : GET "/api/production/lists", parameters={}
[2022-09-06 16:31:18:50002] DEBUG 6404 --- [nio-8080-exec-7] s.w.s.m.m.a.RequestMappingHandlerMapping : Mapped to com.gongzone.production.apiController.ProductionRestController#findByProductionId(Long)
[2022-09-06 16:31:18:50003] DEBUG 6404 --- [nio-8080-exec-7] o.s.web.method.HandlerMethod             : Could not resolve parameter [0] in public org.springframework.http.ResponseEntity<com.gongzone.production.dto.ProductionDetailsDto> com.gongzone.production.apiController.ProductionRestController.findByProductionId(java.lang.Long) throws com.gongzone.common.errors.exception.RestApiException: Failed to convert value of type 'java.lang.String' to required type 'java.lang.Long'; nested exception is java.lang.NumberFormatException: For input string: "lists"
[2022-09-06 16:31:18:50003] WARN  6404 --- [nio-8080-exec-7] .w.s.m.s.DefaultHandlerExceptionResolver : Resolved [org.springframework.web.method.annotation.MethodArgumentTypeMismatchException: Failed to convert value of type 'java.lang.String' to required type 'java.lang.Long'; nested exception is java.lang.NumberFormatException: For input string: "lists"]
[2022-09-06 16:31:18:50003] DEBUG 6404 --- [nio-8080-exec-7] o.s.web.servlet.DispatcherServlet        : Completed 400 BAD_REQUEST
[2022-09-06 16:31:18:50004] DEBUG 6404 --- [nio-8080-exec-7] o.s.web.servlet.DispatcherServlet        : "ERROR" dispatch for GET "/error", parameters={}
[2022-09-06 16:31:18:50004] DEBUG 6404 --- [nio-8080-exec-7] s.w.s.m.m.a.RequestMappingHandlerMapping : Mapped to org.springframework.boot.autoconfigure.web.servlet.error.BasicErrorController#error(HttpServletRequest)
[2022-09-06 16:31:18:50005] DEBUG 6404 --- [nio-8080-exec-7] o.s.w.s.m.m.a.HttpEntityMethodProcessor  : Using 'application/json', given [*/*] and supported [application/json, application/*+json, application/json, application/*+json, application/cbor]
[2022-09-06 16:31:18:50005] DEBUG 6404 --- [nio-8080-exec-7] o.s.w.s.m.m.a.HttpEntityMethodProcessor  : Writing [{timestamp=Tue Sep 06 16:31:18 KST 2022, status=400, error=Bad Request, trace=org.springframework.we (truncated)...]
[2022-09-06 16:31:18:50006] DEBUG 6404 --- [nio-8080-exec-7] o.s.web.servlet.DispatcherServlet        : Exiting from "ERROR" dispatch, status 400
[2022-09-06 16:32:11:103128] DEBUG 6404 --- [  restartedMain] s.w.s.m.m.a.RequestMappingHandlerMapping : 65 mappings in 'requestMappingHandlerMapping'
[2022-09-06 16:32:11:103213] DEBUG 6404 --- [  restartedMain] s.w.s.m.m.a.RequestMappingHandlerAdapter : ControllerAdvice beans: 0 @ModelAttribute, 0 @InitBinder, 1 RequestBodyAdvice, 1 ResponseBodyAdvice
[2022-09-06 16:32:11:103220] DEBUG 6404 --- [  restartedMain] o.s.w.s.h.SimpleUrlHandlerMapping        : Patterns [/swagger-ui/] in 'viewControllerHandlerMapping'
[2022-09-06 16:32:11:103558] DEBUG 6404 --- [  restartedMain] o.s.w.s.h.SimpleUrlHandlerMapping        : Patterns [/webjars/**, /**, /swagger-ui*/**, /swagger-ui/**] in 'resourceHandlerMapping'
[2022-09-06 16:32:11:103563] DEBUG 6404 --- [  restartedMain] .m.m.a.ExceptionHandlerExceptionResolver : ControllerAdvice beans: 1 @ExceptionHandler, 1 ResponseBodyAdvice
[2022-09-06 16:32:13:105775] INFO  6404 --- [nio-8080-exec-4] o.s.web.servlet.DispatcherServlet        : Initializing Servlet 'dispatcherServlet'
[2022-09-06 16:32:13:105775] DEBUG 6404 --- [nio-8080-exec-4] o.s.web.servlet.DispatcherServlet        : Detected StandardServletMultipartResolver
[2022-09-06 16:32:13:105775] DEBUG 6404 --- [nio-8080-exec-4] o.s.web.servlet.DispatcherServlet        : Detected AcceptHeaderLocaleResolver
[2022-09-06 16:32:13:105775] DEBUG 6404 --- [nio-8080-exec-4] o.s.web.servlet.DispatcherServlet        : Detected FixedThemeResolver
[2022-09-06 16:32:13:105777] DEBUG 6404 --- [nio-8080-exec-4] o.s.web.servlet.DispatcherServlet        : Detected org.springframework.web.servlet.view.DefaultRequestToViewNameTranslator@18f19da6
[2022-09-06 16:32:13:105777] DEBUG 6404 --- [nio-8080-exec-4] o.s.web.servlet.DispatcherServlet        : Detected org.springframework.web.servlet.support.SessionFlashMapManager@3009710d
[2022-09-06 16:32:13:105777] DEBUG 6404 --- [nio-8080-exec-4] o.s.web.servlet.DispatcherServlet        : enableLoggingRequestDetails='false': request parameters and headers will be masked to prevent unsafe logging of potentially sensitive data
[2022-09-06 16:32:13:105777] INFO  6404 --- [nio-8080-exec-4] o.s.web.servlet.DispatcherServlet        : Completed initialization in 2 ms
[2022-09-06 16:32:13:105782] DEBUG 6404 --- [nio-8080-exec-4] o.s.web.servlet.DispatcherServlet        : GET "/api/production/lists", parameters={}
[2022-09-06 16:32:13:105783] DEBUG 6404 --- [nio-8080-exec-4] s.w.s.m.m.a.RequestMappingHandlerMapping : Mapped to com.gongzone.production.apiController.ProductionRestController#findByProductionId(Long)
[2022-09-06 16:32:13:105785] DEBUG 6404 --- [nio-8080-exec-4] o.s.web.method.HandlerMethod             : Could not resolve parameter [0] in public org.springframework.http.ResponseEntity<com.gongzone.production.dto.ProductionDetailsDto> com.gongzone.production.apiController.ProductionRestController.findByProductionId(java.lang.Long) throws com.gongzone.common.errors.exception.RestApiException: Failed to convert value of type 'java.lang.String' to required type 'java.lang.Long'; nested exception is java.lang.NumberFormatException: For input string: "lists"
[2022-09-06 16:32:13:105785] WARN  6404 --- [nio-8080-exec-4] .w.s.m.s.DefaultHandlerExceptionResolver : Resolved [org.springframework.web.method.annotation.MethodArgumentTypeMismatchException: Failed to convert value of type 'java.lang.String' to required type 'java.lang.Long'; nested exception is java.lang.NumberFormatException: For input string: "lists"]
[2022-09-06 16:32:13:105785] DEBUG 6404 --- [nio-8080-exec-4] o.s.web.servlet.DispatcherServlet        : Completed 400 BAD_REQUEST
[2022-09-06 16:32:13:105786] DEBUG 6404 --- [nio-8080-exec-4] o.s.web.servlet.DispatcherServlet        : "ERROR" dispatch for GET "/error", parameters={}
[2022-09-06 16:32:13:105786] DEBUG 6404 --- [nio-8080-exec-4] s.w.s.m.m.a.RequestMappingHandlerMapping : Mapped to org.springframework.boot.autoconfigure.web.servlet.error.BasicErrorController#error(HttpServletRequest)
[2022-09-06 16:32:13:105787] DEBUG 6404 --- [nio-8080-exec-4] o.s.w.s.m.m.a.HttpEntityMethodProcessor  : Using 'application/json', given [*/*] and supported [application/json, application/*+json, application/json, application/*+json, application/cbor]
[2022-09-06 16:32:13:105787] DEBUG 6404 --- [nio-8080-exec-4] o.s.w.s.m.m.a.HttpEntityMethodProcessor  : Writing [{timestamp=Tue Sep 06 16:32:13 KST 2022, status=400, error=Bad Request, trace=org.springframework.we (truncated)...]
[2022-09-06 16:32:13:105790] DEBUG 6404 --- [nio-8080-exec-4] o.s.web.servlet.DispatcherServlet        : Exiting from "ERROR" dispatch, status 400
[2022-09-06 16:32:31:123770] DEBUG 6404 --- [  restartedMain] s.w.s.m.m.a.RequestMappingHandlerMapping : 65 mappings in 'requestMappingHandlerMapping'
[2022-09-06 16:32:31:123847] DEBUG 6404 --- [  restartedMain] s.w.s.m.m.a.RequestMappingHandlerAdapter : ControllerAdvice beans: 0 @ModelAttribute, 0 @InitBinder, 1 RequestBodyAdvice, 1 ResponseBodyAdvice
[2022-09-06 16:32:31:123857] DEBUG 6404 --- [  restartedMain] o.s.w.s.h.SimpleUrlHandlerMapping        : Patterns [/swagger-ui/] in 'viewControllerHandlerMapping'
[2022-09-06 16:32:32:124187] DEBUG 6404 --- [  restartedMain] o.s.w.s.h.SimpleUrlHandlerMapping        : Patterns [/webjars/**, /**, /swagger-ui*/**, /swagger-ui/**] in 'resourceHandlerMapping'
[2022-09-06 16:32:32:124193] DEBUG 6404 --- [  restartedMain] .m.m.a.ExceptionHandlerExceptionResolver : ControllerAdvice beans: 1 @ExceptionHandler, 1 ResponseBodyAdvice
[2022-09-06 16:32:57:149667] DEBUG 6404 --- [  restartedMain] s.w.s.m.m.a.RequestMappingHandlerMapping : 65 mappings in 'requestMappingHandlerMapping'
[2022-09-06 16:32:57:149741] DEBUG 6404 --- [  restartedMain] s.w.s.m.m.a.RequestMappingHandlerAdapter : ControllerAdvice beans: 0 @ModelAttribute, 0 @InitBinder, 1 RequestBodyAdvice, 1 ResponseBodyAdvice
[2022-09-06 16:32:57:149749] DEBUG 6404 --- [  restartedMain] o.s.w.s.h.SimpleUrlHandlerMapping        : Patterns [/swagger-ui/] in 'viewControllerHandlerMapping'
[2022-09-06 16:32:58:150075] DEBUG 6404 --- [  restartedMain] o.s.w.s.h.SimpleUrlHandlerMapping        : Patterns [/webjars/**, /**, /swagger-ui*/**, /swagger-ui/**] in 'resourceHandlerMapping'
[2022-09-06 16:32:58:150079] DEBUG 6404 --- [  restartedMain] .m.m.a.ExceptionHandlerExceptionResolver : ControllerAdvice beans: 1 @ExceptionHandler, 1 ResponseBodyAdvice
[2022-09-06 16:42:30:722552] DEBUG 6404 --- [  restartedMain] s.w.s.m.m.a.RequestMappingHandlerMapping : 65 mappings in 'requestMappingHandlerMapping'
[2022-09-06 16:42:30:722644] DEBUG 6404 --- [  restartedMain] s.w.s.m.m.a.RequestMappingHandlerAdapter : ControllerAdvice beans: 0 @ModelAttribute, 0 @InitBinder, 1 RequestBodyAdvice, 1 ResponseBodyAdvice
[2022-09-06 16:42:30:722650] DEBUG 6404 --- [  restartedMain] o.s.w.s.h.SimpleUrlHandlerMapping        : Patterns [/swagger-ui/] in 'viewControllerHandlerMapping'
[2022-09-06 16:42:31:722986] DEBUG 6404 --- [  restartedMain] o.s.w.s.h.SimpleUrlHandlerMapping        : Patterns [/webjars/**, /**, /swagger-ui*/**, /swagger-ui/**] in 'resourceHandlerMapping'
[2022-09-06 16:42:31:722990] DEBUG 6404 --- [  restartedMain] .m.m.a.ExceptionHandlerExceptionResolver : ControllerAdvice beans: 1 @ExceptionHandler, 1 ResponseBodyAdvice
[2022-09-06 16:42:32:724681] INFO  6404 --- [nio-8080-exec-2] o.s.web.servlet.DispatcherServlet        : Initializing Servlet 'dispatcherServlet'
[2022-09-06 16:42:32:724681] DEBUG 6404 --- [nio-8080-exec-2] o.s.web.servlet.DispatcherServlet        : Detected StandardServletMultipartResolver
[2022-09-06 16:42:32:724681] DEBUG 6404 --- [nio-8080-exec-2] o.s.web.servlet.DispatcherServlet        : Detected AcceptHeaderLocaleResolver
[2022-09-06 16:42:32:724681] DEBUG 6404 --- [nio-8080-exec-2] o.s.web.servlet.DispatcherServlet        : Detected FixedThemeResolver
[2022-09-06 16:42:32:724683] DEBUG 6404 --- [nio-8080-exec-2] o.s.web.servlet.DispatcherServlet        : Detected org.springframework.web.servlet.view.DefaultRequestToViewNameTranslator@2c6c8171
[2022-09-06 16:42:32:724683] DEBUG 6404 --- [nio-8080-exec-2] o.s.web.servlet.DispatcherServlet        : Detected org.springframework.web.servlet.support.SessionFlashMapManager@1abb6ff
[2022-09-06 16:42:32:724683] DEBUG 6404 --- [nio-8080-exec-2] o.s.web.servlet.DispatcherServlet        : enableLoggingRequestDetails='false': request parameters and headers will be masked to prevent unsafe logging of potentially sensitive data
[2022-09-06 16:42:32:724683] INFO  6404 --- [nio-8080-exec-2] o.s.web.servlet.DispatcherServlet        : Completed initialization in 2 ms
[2022-09-06 16:42:32:724688] DEBUG 6404 --- [nio-8080-exec-2] o.s.web.servlet.DispatcherServlet        : GET "/api/production/lists", parameters={}
[2022-09-06 16:42:32:724689] DEBUG 6404 --- [nio-8080-exec-2] s.w.s.m.m.a.RequestMappingHandlerMapping : Mapped to com.gongzone.production.apiController.ProductionRestController#findByProductionId(Long)
[2022-09-06 16:42:32:724691] DEBUG 6404 --- [nio-8080-exec-2] o.s.web.method.HandlerMethod             : Could not resolve parameter [0] in public org.springframework.http.ResponseEntity<com.gongzone.production.dto.ProductionDetailsDto> com.gongzone.production.apiController.ProductionRestController.findByProductionId(java.lang.Long) throws com.gongzone.common.errors.exception.RestApiException: Failed to convert value of type 'java.lang.String' to required type 'java.lang.Long'; nested exception is java.lang.NumberFormatException: For input string: "lists"
[2022-09-06 16:42:32:724691] WARN  6404 --- [nio-8080-exec-2] .w.s.m.s.DefaultHandlerExceptionResolver : Resolved [org.springframework.web.method.annotation.MethodArgumentTypeMismatchException: Failed to convert value of type 'java.lang.String' to required type 'java.lang.Long'; nested exception is java.lang.NumberFormatException: For input string: "lists"]
[2022-09-06 16:42:32:724691] DEBUG 6404 --- [nio-8080-exec-2] o.s.web.servlet.DispatcherServlet        : Completed 400 BAD_REQUEST
[2022-09-06 16:42:32:724692] DEBUG 6404 --- [nio-8080-exec-2] o.s.web.servlet.DispatcherServlet        : "ERROR" dispatch for GET "/error", parameters={}
[2022-09-06 16:42:32:724693] DEBUG 6404 --- [nio-8080-exec-2] s.w.s.m.m.a.RequestMappingHandlerMapping : Mapped to org.springframework.boot.autoconfigure.web.servlet.error.BasicErrorController#error(HttpServletRequest)
[2022-09-06 16:42:32:724695] DEBUG 6404 --- [nio-8080-exec-2] o.s.w.s.m.m.a.HttpEntityMethodProcessor  : Using 'application/json', given [*/*] and supported [application/json, application/*+json, application/json, application/*+json, application/cbor]
[2022-09-06 16:42:32:724695] DEBUG 6404 --- [nio-8080-exec-2] o.s.w.s.m.m.a.HttpEntityMethodProcessor  : Writing [{timestamp=Tue Sep 06 16:42:32 KST 2022, status=400, error=Bad Request, trace=org.springframework.we (truncated)...]
[2022-09-06 16:42:32:724697] DEBUG 6404 --- [nio-8080-exec-2] o.s.web.servlet.DispatcherServlet        : Exiting from "ERROR" dispatch, status 400
[2022-09-06 16:42:34:726126] DEBUG 6404 --- [nio-8080-exec-4] o.s.web.servlet.DispatcherServlet        : GET "/api/production/lists", parameters={}
[2022-09-06 16:42:34:726127] DEBUG 6404 --- [nio-8080-exec-4] s.w.s.m.m.a.RequestMappingHandlerMapping : Mapped to com.gongzone.production.apiController.ProductionRestController#findByProductionId(Long)
[2022-09-06 16:42:34:726127] DEBUG 6404 --- [nio-8080-exec-4] o.s.web.method.HandlerMethod             : Could not resolve parameter [0] in public org.springframework.http.ResponseEntity<com.gongzone.production.dto.ProductionDetailsDto> com.gongzone.production.apiController.ProductionRestController.findByProductionId(java.lang.Long) throws com.gongzone.common.errors.exception.RestApiException: Failed to convert value of type 'java.lang.String' to required type 'java.lang.Long'; nested exception is java.lang.NumberFormatException: For input string: "lists"
[2022-09-06 16:42:34:726127] WARN  6404 --- [nio-8080-exec-4] .w.s.m.s.DefaultHandlerExceptionResolver : Resolved [org.springframework.web.method.annotation.MethodArgumentTypeMismatchException: Failed to convert value of type 'java.lang.String' to required type 'java.lang.Long'; nested exception is java.lang.NumberFormatException: For input string: "lists"]
[2022-09-06 16:42:34:726128] DEBUG 6404 --- [nio-8080-exec-4] o.s.web.servlet.DispatcherServlet        : Completed 400 BAD_REQUEST
[2022-09-06 16:42:34:726128] DEBUG 6404 --- [nio-8080-exec-4] o.s.web.servlet.DispatcherServlet        : "ERROR" dispatch for GET "/error", parameters={}
[2022-09-06 16:42:34:726128] DEBUG 6404 --- [nio-8080-exec-4] s.w.s.m.m.a.RequestMappingHandlerMapping : Mapped to org.springframework.boot.autoconfigure.web.servlet.error.BasicErrorController#error(HttpServletRequest)
[2022-09-06 16:42:34:726129] DEBUG 6404 --- [nio-8080-exec-4] o.s.w.s.m.m.a.HttpEntityMethodProcessor  : Using 'application/json', given [*/*] and supported [application/json, application/*+json, application/json, application/*+json, application/cbor]
[2022-09-06 16:42:34:726129] DEBUG 6404 --- [nio-8080-exec-4] o.s.w.s.m.m.a.HttpEntityMethodProcessor  : Writing [{timestamp=Tue Sep 06 16:42:34 KST 2022, status=400, error=Bad Request, trace=org.springframework.we (truncated)...]
[2022-09-06 16:42:34:726130] DEBUG 6404 --- [nio-8080-exec-4] o.s.web.servlet.DispatcherServlet        : Exiting from "ERROR" dispatch, status 400
[2022-09-06 16:42:34:726768] DEBUG 6404 --- [nio-8080-exec-5] o.s.web.servlet.DispatcherServlet        : GET "/api/production/lists", parameters={}
[2022-09-06 16:42:34:726769] DEBUG 6404 --- [nio-8080-exec-5] s.w.s.m.m.a.RequestMappingHandlerMapping : Mapped to com.gongzone.production.apiController.ProductionRestController#findByProductionId(Long)
[2022-09-06 16:42:34:726769] DEBUG 6404 --- [nio-8080-exec-5] o.s.web.method.HandlerMethod             : Could not resolve parameter [0] in public org.springframework.http.ResponseEntity<com.gongzone.production.dto.ProductionDetailsDto> com.gongzone.production.apiController.ProductionRestController.findByProductionId(java.lang.Long) throws com.gongzone.common.errors.exception.RestApiException: Failed to convert value of type 'java.lang.String' to required type 'java.lang.Long'; nested exception is java.lang.NumberFormatException: For input string: "lists"
[2022-09-06 16:42:34:726769] WARN  6404 --- [nio-8080-exec-5] .w.s.m.s.DefaultHandlerExceptionResolver : Resolved [org.springframework.web.method.annotation.MethodArgumentTypeMismatchException: Failed to convert value of type 'java.lang.String' to required type 'java.lang.Long'; nested exception is java.lang.NumberFormatException: For input string: "lists"]
[2022-09-06 16:42:34:726769] DEBUG 6404 --- [nio-8080-exec-5] o.s.web.servlet.DispatcherServlet        : Completed 400 BAD_REQUEST
[2022-09-06 16:42:34:726769] DEBUG 6404 --- [nio-8080-exec-5] o.s.web.servlet.DispatcherServlet        : "ERROR" dispatch for GET "/error", parameters={}
[2022-09-06 16:42:34:726770] DEBUG 6404 --- [nio-8080-exec-5] s.w.s.m.m.a.RequestMappingHandlerMapping : Mapped to org.springframework.boot.autoconfigure.web.servlet.error.BasicErrorController#error(HttpServletRequest)
[2022-09-06 16:42:34:726770] DEBUG 6404 --- [nio-8080-exec-5] o.s.w.s.m.m.a.HttpEntityMethodProcessor  : Using 'application/json', given [*/*] and supported [application/json, application/*+json, application/json, application/*+json, application/cbor]
[2022-09-06 16:42:34:726771] DEBUG 6404 --- [nio-8080-exec-5] o.s.w.s.m.m.a.HttpEntityMethodProcessor  : Writing [{timestamp=Tue Sep 06 16:42:34 KST 2022, status=400, error=Bad Request, trace=org.springframework.we (truncated)...]
[2022-09-06 16:42:34:726772] DEBUG 6404 --- [nio-8080-exec-5] o.s.web.servlet.DispatcherServlet        : Exiting from "ERROR" dispatch, status 400
[2022-09-06 16:42:35:727210] DEBUG 6404 --- [nio-8080-exec-8] o.s.web.servlet.DispatcherServlet        : GET "/api/production/lists", parameters={}
[2022-09-06 16:42:35:727210] DEBUG 6404 --- [nio-8080-exec-8] s.w.s.m.m.a.RequestMappingHandlerMapping : Mapped to com.gongzone.production.apiController.ProductionRestController#findByProductionId(Long)
[2022-09-06 16:42:35:727211] DEBUG 6404 --- [nio-8080-exec-8] o.s.web.method.HandlerMethod             : Could not resolve parameter [0] in public org.springframework.http.ResponseEntity<com.gongzone.production.dto.ProductionDetailsDto> com.gongzone.production.apiController.ProductionRestController.findByProductionId(java.lang.Long) throws com.gongzone.common.errors.exception.RestApiException: Failed to convert value of type 'java.lang.String' to required type 'java.lang.Long'; nested exception is java.lang.NumberFormatException: For input string: "lists"
[2022-09-06 16:42:35:727211] WARN  6404 --- [nio-8080-exec-8] .w.s.m.s.DefaultHandlerExceptionResolver : Resolved [org.springframework.web.method.annotation.MethodArgumentTypeMismatchException: Failed to convert value of type 'java.lang.String' to required type 'java.lang.Long'; nested exception is java.lang.NumberFormatException: For input string: "lists"]
[2022-09-06 16:42:35:727211] DEBUG 6404 --- [nio-8080-exec-8] o.s.web.servlet.DispatcherServlet        : Completed 400 BAD_REQUEST
[2022-09-06 16:42:35:727212] DEBUG 6404 --- [nio-8080-exec-8] o.s.web.servlet.DispatcherServlet        : "ERROR" dispatch for GET "/error", parameters={}
[2022-09-06 16:42:35:727212] DEBUG 6404 --- [nio-8080-exec-8] s.w.s.m.m.a.RequestMappingHandlerMapping : Mapped to org.springframework.boot.autoconfigure.web.servlet.error.BasicErrorController#error(HttpServletRequest)
[2022-09-06 16:42:35:727213] DEBUG 6404 --- [nio-8080-exec-8] o.s.w.s.m.m.a.HttpEntityMethodProcessor  : Using 'application/json', given [*/*] and supported [application/json, application/*+json, application/json, application/*+json, application/cbor]
[2022-09-06 16:42:35:727213] DEBUG 6404 --- [nio-8080-exec-8] o.s.w.s.m.m.a.HttpEntityMethodProcessor  : Writing [{timestamp=Tue Sep 06 16:42:35 KST 2022, status=400, error=Bad Request, trace=org.springframework.we (truncated)...]
[2022-09-06 16:42:35:727215] DEBUG 6404 --- [nio-8080-exec-8] o.s.web.servlet.DispatcherServlet        : Exiting from "ERROR" dispatch, status 400
[2022-09-06 16:42:35:727563] DEBUG 6404 --- [io-8080-exec-10] o.s.web.servlet.DispatcherServlet        : GET "/api/production/lists", parameters={}
[2022-09-06 16:42:35:727564] DEBUG 6404 --- [io-8080-exec-10] s.w.s.m.m.a.RequestMappingHandlerMapping : Mapped to com.gongzone.production.apiController.ProductionRestController#findByProductionId(Long)
[2022-09-06 16:42:35:727564] DEBUG 6404 --- [io-8080-exec-10] o.s.web.method.HandlerMethod             : Could not resolve parameter [0] in public org.springframework.http.ResponseEntity<com.gongzone.production.dto.ProductionDetailsDto> com.gongzone.production.apiController.ProductionRestController.findByProductionId(java.lang.Long) throws com.gongzone.common.errors.exception.RestApiException: Failed to convert value of type 'java.lang.String' to required type 'java.lang.Long'; nested exception is java.lang.NumberFormatException: For input string: "lists"
[2022-09-06 16:42:35:727564] WARN  6404 --- [io-8080-exec-10] .w.s.m.s.DefaultHandlerExceptionResolver : Resolved [org.springframework.web.method.annotation.MethodArgumentTypeMismatchException: Failed to convert value of type 'java.lang.String' to required type 'java.lang.Long'; nested exception is java.lang.NumberFormatException: For input string: "lists"]
[2022-09-06 16:42:35:727564] DEBUG 6404 --- [io-8080-exec-10] o.s.web.servlet.DispatcherServlet        : Completed 400 BAD_REQUEST
[2022-09-06 16:42:35:727565] DEBUG 6404 --- [io-8080-exec-10] o.s.web.servlet.DispatcherServlet        : "ERROR" dispatch for GET "/error", parameters={}
[2022-09-06 16:42:35:727565] DEBUG 6404 --- [io-8080-exec-10] s.w.s.m.m.a.RequestMappingHandlerMapping : Mapped to org.springframework.boot.autoconfigure.web.servlet.error.BasicErrorController#error(HttpServletRequest)
[2022-09-06 16:42:35:727566] DEBUG 6404 --- [io-8080-exec-10] o.s.w.s.m.m.a.HttpEntityMethodProcessor  : Using 'application/json', given [*/*] and supported [application/json, application/*+json, application/json, application/*+json, application/cbor]
[2022-09-06 16:42:35:727566] DEBUG 6404 --- [io-8080-exec-10] o.s.w.s.m.m.a.HttpEntityMethodProcessor  : Writing [{timestamp=Tue Sep 06 16:42:35 KST 2022, status=400, error=Bad Request, trace=org.springframework.we (truncated)...]
[2022-09-06 16:42:35:727568] DEBUG 6404 --- [io-8080-exec-10] o.s.web.servlet.DispatcherServlet        : Exiting from "ERROR" dispatch, status 400
[2022-09-06 16:42:50:742354] DEBUG 6404 --- [  restartedMain] s.w.s.m.m.a.RequestMappingHandlerMapping : 65 mappings in 'requestMappingHandlerMapping'
[2022-09-06 16:42:50:742427] DEBUG 6404 --- [  restartedMain] s.w.s.m.m.a.RequestMappingHandlerAdapter : ControllerAdvice beans: 0 @ModelAttribute, 0 @InitBinder, 1 RequestBodyAdvice, 1 ResponseBodyAdvice
[2022-09-06 16:42:50:742433] DEBUG 6404 --- [  restartedMain] o.s.w.s.h.SimpleUrlHandlerMapping        : Patterns [/swagger-ui/] in 'viewControllerHandlerMapping'
[2022-09-06 16:42:50:742795] DEBUG 6404 --- [  restartedMain] o.s.w.s.h.SimpleUrlHandlerMapping        : Patterns [/webjars/**, /**, /swagger-ui*/**, /swagger-ui/**] in 'resourceHandlerMapping'
[2022-09-06 16:42:50:742801] DEBUG 6404 --- [  restartedMain] .m.m.a.ExceptionHandlerExceptionResolver : ControllerAdvice beans: 1 @ExceptionHandler, 1 ResponseBodyAdvice
[2022-09-06 16:42:51:743283] INFO  6404 --- [nio-8080-exec-1] o.s.web.servlet.DispatcherServlet        : Initializing Servlet 'dispatcherServlet'
[2022-09-06 16:42:51:743283] DEBUG 6404 --- [nio-8080-exec-1] o.s.web.servlet.DispatcherServlet        : Detected StandardServletMultipartResolver
[2022-09-06 16:42:51:743283] DEBUG 6404 --- [nio-8080-exec-1] o.s.web.servlet.DispatcherServlet        : Detected AcceptHeaderLocaleResolver
[2022-09-06 16:42:51:743283] DEBUG 6404 --- [nio-8080-exec-1] o.s.web.servlet.DispatcherServlet        : Detected FixedThemeResolver
[2022-09-06 16:42:51:743284] DEBUG 6404 --- [nio-8080-exec-1] o.s.web.servlet.DispatcherServlet        : Detected org.springframework.web.servlet.view.DefaultRequestToViewNameTranslator@de7219b
[2022-09-06 16:42:51:743284] DEBUG 6404 --- [nio-8080-exec-1] o.s.web.servlet.DispatcherServlet        : Detected org.springframework.web.servlet.support.SessionFlashMapManager@55249a96
[2022-09-06 16:42:51:743284] DEBUG 6404 --- [nio-8080-exec-1] o.s.web.servlet.DispatcherServlet        : enableLoggingRequestDetails='false': request parameters and headers will be masked to prevent unsafe logging of potentially sensitive data
[2022-09-06 16:42:51:743284] INFO  6404 --- [nio-8080-exec-1] o.s.web.servlet.DispatcherServlet        : Completed initialization in 1 ms
[2022-09-06 16:42:51:743289] DEBUG 6404 --- [nio-8080-exec-1] o.s.web.servlet.DispatcherServlet        : GET "/api/production/lists", parameters={}
[2022-09-06 16:42:51:743290] DEBUG 6404 --- [nio-8080-exec-1] s.w.s.m.m.a.RequestMappingHandlerMapping : Mapped to com.gongzone.production.apiController.ProductionRestController#findByProductionId(Long)
[2022-09-06 16:42:51:743291] DEBUG 6404 --- [nio-8080-exec-1] o.s.web.method.HandlerMethod             : Could not resolve parameter [0] in public org.springframework.http.ResponseEntity<com.gongzone.production.dto.ProductionDetailsDto> com.gongzone.production.apiController.ProductionRestController.findByProductionId(java.lang.Long) throws com.gongzone.common.errors.exception.RestApiException: Failed to convert value of type 'java.lang.String' to required type 'java.lang.Long'; nested exception is java.lang.NumberFormatException: For input string: "lists"
[2022-09-06 16:42:51:743291] WARN  6404 --- [nio-8080-exec-1] .w.s.m.s.DefaultHandlerExceptionResolver : Resolved [org.springframework.web.method.annotation.MethodArgumentTypeMismatchException: Failed to convert value of type 'java.lang.String' to required type 'java.lang.Long'; nested exception is java.lang.NumberFormatException: For input string: "lists"]
[2022-09-06 16:42:51:743292] DEBUG 6404 --- [nio-8080-exec-1] o.s.web.servlet.DispatcherServlet        : Completed 400 BAD_REQUEST
[2022-09-06 16:42:51:743292] DEBUG 6404 --- [nio-8080-exec-1] o.s.web.servlet.DispatcherServlet        : "ERROR" dispatch for GET "/error", parameters={}
[2022-09-06 16:42:51:743292] DEBUG 6404 --- [nio-8080-exec-1] s.w.s.m.m.a.RequestMappingHandlerMapping : Mapped to org.springframework.boot.autoconfigure.web.servlet.error.BasicErrorController#error(HttpServletRequest)
[2022-09-06 16:42:51:743294] DEBUG 6404 --- [nio-8080-exec-1] o.s.w.s.m.m.a.HttpEntityMethodProcessor  : Using 'application/json', given [*/*] and supported [application/json, application/*+json, application/json, application/*+json, application/cbor]
[2022-09-06 16:42:51:743294] DEBUG 6404 --- [nio-8080-exec-1] o.s.w.s.m.m.a.HttpEntityMethodProcessor  : Writing [{timestamp=Tue Sep 06 16:42:51 KST 2022, status=400, error=Bad Request, trace=org.springframework.we (truncated)...]
[2022-09-06 16:42:51:743295] DEBUG 6404 --- [nio-8080-exec-1] o.s.web.servlet.DispatcherServlet        : Exiting from "ERROR" dispatch, status 400
[2022-09-06 16:42:52:744301] DEBUG 6404 --- [nio-8080-exec-5] o.s.web.servlet.DispatcherServlet        : GET "/api/production/lists", parameters={}
[2022-09-06 16:42:52:744302] DEBUG 6404 --- [nio-8080-exec-5] s.w.s.m.m.a.RequestMappingHandlerMapping : Mapped to com.gongzone.production.apiController.ProductionRestController#findByProductionId(Long)
[2022-09-06 16:42:52:744302] DEBUG 6404 --- [nio-8080-exec-5] o.s.web.method.HandlerMethod             : Could not resolve parameter [0] in public org.springframework.http.ResponseEntity<com.gongzone.production.dto.ProductionDetailsDto> com.gongzone.production.apiController.ProductionRestController.findByProductionId(java.lang.Long) throws com.gongzone.common.errors.exception.RestApiException: Failed to convert value of type 'java.lang.String' to required type 'java.lang.Long'; nested exception is java.lang.NumberFormatException: For input string: "lists"
[2022-09-06 16:42:52:744302] WARN  6404 --- [nio-8080-exec-5] .w.s.m.s.DefaultHandlerExceptionResolver : Resolved [org.springframework.web.method.annotation.MethodArgumentTypeMismatchException: Failed to convert value of type 'java.lang.String' to required type 'java.lang.Long'; nested exception is java.lang.NumberFormatException: For input string: "lists"]
[2022-09-06 16:42:52:744303] DEBUG 6404 --- [nio-8080-exec-5] o.s.web.servlet.DispatcherServlet        : Completed 400 BAD_REQUEST
[2022-09-06 16:42:52:744303] DEBUG 6404 --- [nio-8080-exec-5] o.s.web.servlet.DispatcherServlet        : "ERROR" dispatch for GET "/error", parameters={}
[2022-09-06 16:42:52:744303] DEBUG 6404 --- [nio-8080-exec-5] s.w.s.m.m.a.RequestMappingHandlerMapping : Mapped to org.springframework.boot.autoconfigure.web.servlet.error.BasicErrorController#error(HttpServletRequest)
[2022-09-06 16:42:52:744304] DEBUG 6404 --- [nio-8080-exec-5] o.s.w.s.m.m.a.HttpEntityMethodProcessor  : Using 'application/json', given [*/*] and supported [application/json, application/*+json, application/json, application/*+json, application/cbor]
[2022-09-06 16:42:52:744304] DEBUG 6404 --- [nio-8080-exec-5] o.s.w.s.m.m.a.HttpEntityMethodProcessor  : Writing [{timestamp=Tue Sep 06 16:42:52 KST 2022, status=400, error=Bad Request, trace=org.springframework.we (truncated)...]
[2022-09-06 16:42:52:744305] DEBUG 6404 --- [nio-8080-exec-5] o.s.web.servlet.DispatcherServlet        : Exiting from "ERROR" dispatch, status 400
[2022-09-06 16:42:53:745026] DEBUG 6404 --- [nio-8080-exec-7] o.s.web.servlet.DispatcherServlet        : GET "/api/production/lists", parameters={}
[2022-09-06 16:42:53:745026] DEBUG 6404 --- [nio-8080-exec-7] s.w.s.m.m.a.RequestMappingHandlerMapping : Mapped to com.gongzone.production.apiController.ProductionRestController#findByProductionId(Long)
[2022-09-06 16:42:53:745027] DEBUG 6404 --- [nio-8080-exec-7] o.s.web.method.HandlerMethod             : Could not resolve parameter [0] in public org.springframework.http.ResponseEntity<com.gongzone.production.dto.ProductionDetailsDto> com.gongzone.production.apiController.ProductionRestController.findByProductionId(java.lang.Long) throws com.gongzone.common.errors.exception.RestApiException: Failed to convert value of type 'java.lang.String' to required type 'java.lang.Long'; nested exception is java.lang.NumberFormatException: For input string: "lists"
[2022-09-06 16:42:53:745027] WARN  6404 --- [nio-8080-exec-7] .w.s.m.s.DefaultHandlerExceptionResolver : Resolved [org.springframework.web.method.annotation.MethodArgumentTypeMismatchException: Failed to convert value of type 'java.lang.String' to required type 'java.lang.Long'; nested exception is java.lang.NumberFormatException: For input string: "lists"]
[2022-09-06 16:42:53:745027] DEBUG 6404 --- [nio-8080-exec-7] o.s.web.servlet.DispatcherServlet        : Completed 400 BAD_REQUEST
[2022-09-06 16:42:53:745027] DEBUG 6404 --- [nio-8080-exec-7] o.s.web.servlet.DispatcherServlet        : "ERROR" dispatch for GET "/error", parameters={}
[2022-09-06 16:42:53:745028] DEBUG 6404 --- [nio-8080-exec-7] s.w.s.m.m.a.RequestMappingHandlerMapping : Mapped to org.springframework.boot.autoconfigure.web.servlet.error.BasicErrorController#error(HttpServletRequest)
[2022-09-06 16:42:53:745028] DEBUG 6404 --- [nio-8080-exec-7] o.s.w.s.m.m.a.HttpEntityMethodProcessor  : Using 'application/json', given [*/*] and supported [application/json, application/*+json, application/json, application/*+json, application/cbor]
[2022-09-06 16:42:53:745028] DEBUG 6404 --- [nio-8080-exec-7] o.s.w.s.m.m.a.HttpEntityMethodProcessor  : Writing [{timestamp=Tue Sep 06 16:42:53 KST 2022, status=400, error=Bad Request, trace=org.springframework.we (truncated)...]
[2022-09-06 16:42:53:745029] DEBUG 6404 --- [nio-8080-exec-7] o.s.web.servlet.DispatcherServlet        : Exiting from "ERROR" dispatch, status 400
[2022-09-06 16:43:06:758009] DEBUG 6404 --- [  restartedMain] s.w.s.m.m.a.RequestMappingHandlerMapping : 65 mappings in 'requestMappingHandlerMapping'
[2022-09-06 16:43:06:758089] DEBUG 6404 --- [  restartedMain] s.w.s.m.m.a.RequestMappingHandlerAdapter : ControllerAdvice beans: 0 @ModelAttribute, 0 @InitBinder, 1 RequestBodyAdvice, 1 ResponseBodyAdvice
[2022-09-06 16:43:06:758095] DEBUG 6404 --- [  restartedMain] o.s.w.s.h.SimpleUrlHandlerMapping        : Patterns [/swagger-ui/] in 'viewControllerHandlerMapping'
[2022-09-06 16:43:06:758435] DEBUG 6404 --- [  restartedMain] o.s.w.s.h.SimpleUrlHandlerMapping        : Patterns [/webjars/**, /**, /swagger-ui*/**, /swagger-ui/**] in 'resourceHandlerMapping'
[2022-09-06 16:43:06:758439] DEBUG 6404 --- [  restartedMain] .m.m.a.ExceptionHandlerExceptionResolver : ControllerAdvice beans: 1 @ExceptionHandler, 1 ResponseBodyAdvice
[2022-09-06 16:44:09:821658] DEBUG 6404 --- [  restartedMain] s.w.s.m.m.a.RequestMappingHandlerMapping : 65 mappings in 'requestMappingHandlerMapping'
[2022-09-06 16:44:09:821753] DEBUG 6404 --- [  restartedMain] s.w.s.m.m.a.RequestMappingHandlerAdapter : ControllerAdvice beans: 0 @ModelAttribute, 0 @InitBinder, 1 RequestBodyAdvice, 1 ResponseBodyAdvice
[2022-09-06 16:44:09:821764] DEBUG 6404 --- [  restartedMain] o.s.w.s.h.SimpleUrlHandlerMapping        : Patterns [/swagger-ui/] in 'viewControllerHandlerMapping'
[2022-09-06 16:44:10:822099] DEBUG 6404 --- [  restartedMain] o.s.w.s.h.SimpleUrlHandlerMapping        : Patterns [/webjars/**, /**, /swagger-ui*/**, /swagger-ui/**] in 'resourceHandlerMapping'
[2022-09-06 16:44:10:822107] DEBUG 6404 --- [  restartedMain] .m.m.a.ExceptionHandlerExceptionResolver : ControllerAdvice beans: 1 @ExceptionHandler, 1 ResponseBodyAdvice
[2022-09-06 16:44:20:832869] DEBUG 6404 --- [  restartedMain] s.w.s.m.m.a.RequestMappingHandlerMapping : 65 mappings in 'requestMappingHandlerMapping'
[2022-09-06 16:44:21:832942] DEBUG 6404 --- [  restartedMain] s.w.s.m.m.a.RequestMappingHandlerAdapter : ControllerAdvice beans: 0 @ModelAttribute, 0 @InitBinder, 1 RequestBodyAdvice, 1 ResponseBodyAdvice
[2022-09-06 16:44:21:832948] DEBUG 6404 --- [  restartedMain] o.s.w.s.h.SimpleUrlHandlerMapping        : Patterns [/swagger-ui/] in 'viewControllerHandlerMapping'
[2022-09-06 16:44:21:833300] DEBUG 6404 --- [  restartedMain] o.s.w.s.h.SimpleUrlHandlerMapping        : Patterns [/webjars/**, /**, /swagger-ui*/**, /swagger-ui/**] in 'resourceHandlerMapping'
[2022-09-06 16:44:21:833304] DEBUG 6404 --- [  restartedMain] .m.m.a.ExceptionHandlerExceptionResolver : ControllerAdvice beans: 1 @ExceptionHandler, 1 ResponseBodyAdvice
[2022-09-06 16:51:54:19856] DEBUG 12292 --- [  restartedMain] s.w.s.m.m.a.RequestMappingHandlerMapping : 65 mappings in 'requestMappingHandlerMapping'
[2022-09-06 16:51:55:20724] DEBUG 12292 --- [  restartedMain] s.w.s.m.m.a.RequestMappingHandlerAdapter : ControllerAdvice beans: 0 @ModelAttribute, 0 @InitBinder, 1 RequestBodyAdvice, 1 ResponseBodyAdvice
[2022-09-06 16:51:55:20840] DEBUG 12292 --- [  restartedMain] o.s.w.s.h.SimpleUrlHandlerMapping        : Patterns [/swagger-ui/] in 'viewControllerHandlerMapping'
[2022-09-06 16:51:56:22216] DEBUG 12292 --- [  restartedMain] o.s.w.s.h.SimpleUrlHandlerMapping        : Patterns [/webjars/**, /**, /swagger-ui*/**, /swagger-ui/**] in 'resourceHandlerMapping'
[2022-09-06 16:51:56:22244] DEBUG 12292 --- [  restartedMain] .m.m.a.ExceptionHandlerExceptionResolver : ControllerAdvice beans: 1 @ExceptionHandler, 1 ResponseBodyAdvice
[2022-09-06 16:52:21:47473] INFO  12292 --- [nio-8080-exec-2] o.s.web.servlet.DispatcherServlet        : Initializing Servlet 'dispatcherServlet'
[2022-09-06 16:52:21:47473] DEBUG 12292 --- [nio-8080-exec-2] o.s.web.servlet.DispatcherServlet        : Detected StandardServletMultipartResolver
[2022-09-06 16:52:21:47473] DEBUG 12292 --- [nio-8080-exec-2] o.s.web.servlet.DispatcherServlet        : Detected AcceptHeaderLocaleResolver
[2022-09-06 16:52:21:47473] DEBUG 12292 --- [nio-8080-exec-2] o.s.web.servlet.DispatcherServlet        : Detected FixedThemeResolver
[2022-09-06 16:52:21:47475] DEBUG 12292 --- [nio-8080-exec-2] o.s.web.servlet.DispatcherServlet        : Detected org.springframework.web.servlet.view.DefaultRequestToViewNameTranslator@6391b841
[2022-09-06 16:52:21:47475] DEBUG 12292 --- [nio-8080-exec-2] o.s.web.servlet.DispatcherServlet        : Detected org.springframework.web.servlet.support.SessionFlashMapManager@748aceda
[2022-09-06 16:52:21:47476] DEBUG 12292 --- [nio-8080-exec-2] o.s.web.servlet.DispatcherServlet        : enableLoggingRequestDetails='false': request parameters and headers will be masked to prevent unsafe logging of potentially sensitive data
[2022-09-06 16:52:21:47476] INFO  12292 --- [nio-8080-exec-2] o.s.web.servlet.DispatcherServlet        : Completed initialization in 3 ms
[2022-09-06 16:52:22:47525] DEBUG 12292 --- [nio-8080-exec-2] o.s.web.servlet.DispatcherServlet        : GET "/api/production/lists", parameters={}
[2022-09-06 16:52:22:47531] DEBUG 12292 --- [nio-8080-exec-2] s.w.s.m.m.a.RequestMappingHandlerMapping : Mapped to com.gongzone.production.apiController.ProductionRestController#findByProductionId(Long)
[2022-09-06 16:52:22:47541] DEBUG 12292 --- [nio-8080-exec-2] o.s.web.method.HandlerMethod             : Could not resolve parameter [0] in public org.springframework.http.ResponseEntity<com.gongzone.production.dto.ProductionDetailsDto> com.gongzone.production.apiController.ProductionRestController.findByProductionId(java.lang.Long): Failed to convert value of type 'java.lang.String' to required type 'java.lang.Long'; nested exception is java.lang.NumberFormatException: For input string: "lists"
[2022-09-06 16:52:22:47544] WARN  12292 --- [nio-8080-exec-2] .w.s.m.s.DefaultHandlerExceptionResolver : Resolved [org.springframework.web.method.annotation.MethodArgumentTypeMismatchException: Failed to convert value of type 'java.lang.String' to required type 'java.lang.Long'; nested exception is java.lang.NumberFormatException: For input string: "lists"]
[2022-09-06 16:52:22:47544] DEBUG 12292 --- [nio-8080-exec-2] o.s.web.servlet.DispatcherServlet        : Completed 400 BAD_REQUEST
[2022-09-06 16:52:22:47548] DEBUG 12292 --- [nio-8080-exec-2] o.s.web.servlet.DispatcherServlet        : "ERROR" dispatch for GET "/error", parameters={}
[2022-09-06 16:52:22:47549] DEBUG 12292 --- [nio-8080-exec-2] s.w.s.m.m.a.RequestMappingHandlerMapping : Mapped to org.springframework.boot.autoconfigure.web.servlet.error.BasicErrorController#error(HttpServletRequest)
[2022-09-06 16:52:22:47560] DEBUG 12292 --- [nio-8080-exec-2] o.s.w.s.m.m.a.HttpEntityMethodProcessor  : Using 'application/json', given [*/*] and supported [application/json, application/*+json, application/json, application/*+json, application/cbor]
[2022-09-06 16:52:22:47561] DEBUG 12292 --- [nio-8080-exec-2] o.s.w.s.m.m.a.HttpEntityMethodProcessor  : Writing [{timestamp=Tue Sep 06 16:52:22 KST 2022, status=400, error=Bad Request, trace=org.springframework.we (truncated)...]
[2022-09-06 16:52:22:47579] DEBUG 12292 --- [nio-8080-exec-2] o.s.web.servlet.DispatcherServlet        : Exiting from "ERROR" dispatch, status 400
[2022-09-06 16:52:42:68288] DEBUG 12292 --- [  restartedMain] s.w.s.m.m.a.RequestMappingHandlerMapping : 65 mappings in 'requestMappingHandlerMapping'
[2022-09-06 16:52:42:68383] DEBUG 12292 --- [  restartedMain] s.w.s.m.m.a.RequestMappingHandlerAdapter : ControllerAdvice beans: 0 @ModelAttribute, 0 @InitBinder, 1 RequestBodyAdvice, 1 ResponseBodyAdvice
[2022-09-06 16:52:42:68389] DEBUG 12292 --- [  restartedMain] o.s.w.s.h.SimpleUrlHandlerMapping        : Patterns [/swagger-ui/] in 'viewControllerHandlerMapping'
[2022-09-06 16:52:43:68738] DEBUG 12292 --- [  restartedMain] o.s.w.s.h.SimpleUrlHandlerMapping        : Patterns [/webjars/**, /**, /swagger-ui*/**, /swagger-ui/**] in 'resourceHandlerMapping'
[2022-09-06 16:52:43:68744] DEBUG 12292 --- [  restartedMain] .m.m.a.ExceptionHandlerExceptionResolver : ControllerAdvice beans: 1 @ExceptionHandler, 1 ResponseBodyAdvice
[2022-09-06 16:52:52:78289] INFO  12292 --- [nio-8080-exec-3] o.s.web.servlet.DispatcherServlet        : Initializing Servlet 'dispatcherServlet'
[2022-09-06 16:52:52:78290] DEBUG 12292 --- [nio-8080-exec-3] o.s.web.servlet.DispatcherServlet        : Detected StandardServletMultipartResolver
[2022-09-06 16:52:52:78290] DEBUG 12292 --- [nio-8080-exec-3] o.s.web.servlet.DispatcherServlet        : Detected AcceptHeaderLocaleResolver
[2022-09-06 16:52:52:78290] DEBUG 12292 --- [nio-8080-exec-3] o.s.web.servlet.DispatcherServlet        : Detected FixedThemeResolver
[2022-09-06 16:52:52:78293] DEBUG 12292 --- [nio-8080-exec-3] o.s.web.servlet.DispatcherServlet        : Detected org.springframework.web.servlet.view.DefaultRequestToViewNameTranslator@5a9ffecc
[2022-09-06 16:52:52:78294] DEBUG 12292 --- [nio-8080-exec-3] o.s.web.servlet.DispatcherServlet        : Detected org.springframework.web.servlet.support.SessionFlashMapManager@643cb571
[2022-09-06 16:52:52:78294] DEBUG 12292 --- [nio-8080-exec-3] o.s.web.servlet.DispatcherServlet        : enableLoggingRequestDetails='false': request parameters and headers will be masked to prevent unsafe logging of potentially sensitive data
[2022-09-06 16:52:52:78294] INFO  12292 --- [nio-8080-exec-3] o.s.web.servlet.DispatcherServlet        : Completed initialization in 5 ms
[2022-09-06 16:53:27:112822] DEBUG 12292 --- [nio-8080-exec-2] o.s.web.servlet.DispatcherServlet        : GET "/api/production/1", parameters={}
[2022-09-06 16:53:27:112822] DEBUG 12292 --- [nio-8080-exec-2] s.w.s.m.m.a.RequestMappingHandlerMapping : Mapped to com.gongzone.production.apiController.ProductionRestController#findByProductionId(Long)
[2022-09-06 16:53:27:112907] DEBUG 12292 --- [nio-8080-exec-2] o.s.w.s.m.m.a.HttpEntityMethodProcessor  : Using 'application/json', given [*/*] and supported [application/json, application/*+json, application/json, application/*+json, application/cbor]
[2022-09-06 16:53:27:112908] DEBUG 12292 --- [nio-8080-exec-2] o.s.w.s.m.m.a.HttpEntityMethodProcessor  : Writing [com.gongzone.production.dto.ProductionDetailsDto@9acd136]
[2022-09-06 16:53:27:112910] DEBUG 12292 --- [nio-8080-exec-2] o.s.web.servlet.DispatcherServlet        : Completed 200 OK
[2022-09-06 16:53:35:120532] DEBUG 12292 --- [nio-8080-exec-4] o.s.web.servlet.DispatcherServlet        : GET "/api/production/66", parameters={}
[2022-09-06 16:53:35:120533] DEBUG 12292 --- [nio-8080-exec-4] s.w.s.m.m.a.RequestMappingHandlerMapping : Mapped to com.gongzone.production.apiController.ProductionRestController#findByProductionId(Long)
[2022-09-06 16:53:35:120557] DEBUG 12292 --- [nio-8080-exec-4] o.s.web.servlet.DispatcherServlet        : Failed to complete request: java.lang.RuntimeException
[2022-09-06 16:53:35:120559] DEBUG 12292 --- [nio-8080-exec-4] o.s.web.servlet.DispatcherServlet        : "ERROR" dispatch for GET "/error", parameters={}
[2022-09-06 16:53:35:120559] DEBUG 12292 --- [nio-8080-exec-4] s.w.s.m.m.a.RequestMappingHandlerMapping : Mapped to org.springframework.boot.autoconfigure.web.servlet.error.BasicErrorController#error(HttpServletRequest)
[2022-09-06 16:53:35:120560] DEBUG 12292 --- [nio-8080-exec-4] o.s.w.s.m.m.a.HttpEntityMethodProcessor  : Using 'application/json', given [*/*] and supported [application/json, application/*+json, application/json, application/*+json, application/cbor]
[2022-09-06 16:53:35:120561] DEBUG 12292 --- [nio-8080-exec-4] o.s.w.s.m.m.a.HttpEntityMethodProcessor  : Writing [{timestamp=Tue Sep 06 16:53:35 KST 2022, status=500, error=Internal Server Error, trace=java.lang.Ru (truncated)...]
[2022-09-06 16:53:35:120563] DEBUG 12292 --- [nio-8080-exec-4] o.s.web.servlet.DispatcherServlet        : Exiting from "ERROR" dispatch, status 500
[2022-09-06 16:54:21:166936] DEBUG 12292 --- [  restartedMain] s.w.s.m.m.a.RequestMappingHandlerMapping : 65 mappings in 'requestMappingHandlerMapping'
[2022-09-06 16:54:21:167018] DEBUG 12292 --- [  restartedMain] s.w.s.m.m.a.RequestMappingHandlerAdapter : ControllerAdvice beans: 0 @ModelAttribute, 0 @InitBinder, 1 RequestBodyAdvice, 1 ResponseBodyAdvice
[2022-09-06 16:54:21:167028] DEBUG 12292 --- [  restartedMain] o.s.w.s.h.SimpleUrlHandlerMapping        : Patterns [/swagger-ui/] in 'viewControllerHandlerMapping'
[2022-09-06 16:54:21:167377] DEBUG 12292 --- [  restartedMain] o.s.w.s.h.SimpleUrlHandlerMapping        : Patterns [/webjars/**, /**, /swagger-ui*/**, /swagger-ui/**] in 'resourceHandlerMapping'
[2022-09-06 16:54:21:167382] DEBUG 12292 --- [  restartedMain] .m.m.a.ExceptionHandlerExceptionResolver : ControllerAdvice beans: 1 @ExceptionHandler, 1 ResponseBodyAdvice
[2022-09-06 16:55:00:206474] DEBUG 12292 --- [  restartedMain] s.w.s.m.m.a.RequestMappingHandlerMapping : 65 mappings in 'requestMappingHandlerMapping'
[2022-09-06 16:55:01:206570] DEBUG 12292 --- [  restartedMain] s.w.s.m.m.a.RequestMappingHandlerAdapter : ControllerAdvice beans: 0 @ModelAttribute, 0 @InitBinder, 1 RequestBodyAdvice, 1 ResponseBodyAdvice
[2022-09-06 16:55:01:206578] DEBUG 12292 --- [  restartedMain] o.s.w.s.h.SimpleUrlHandlerMapping        : Patterns [/swagger-ui/] in 'viewControllerHandlerMapping'
[2022-09-06 16:55:01:206929] DEBUG 12292 --- [  restartedMain] o.s.w.s.h.SimpleUrlHandlerMapping        : Patterns [/webjars/**, /**, /swagger-ui*/**, /swagger-ui/**] in 'resourceHandlerMapping'
[2022-09-06 16:55:01:206934] DEBUG 12292 --- [  restartedMain] .m.m.a.ExceptionHandlerExceptionResolver : ControllerAdvice beans: 1 @ExceptionHandler, 1 ResponseBodyAdvice
[2022-09-06 16:55:17:222990] DEBUG 12292 --- [  restartedMain] s.w.s.m.m.a.RequestMappingHandlerMapping : 65 mappings in 'requestMappingHandlerMapping'
[2022-09-06 16:55:17:223083] DEBUG 12292 --- [  restartedMain] s.w.s.m.m.a.RequestMappingHandlerAdapter : ControllerAdvice beans: 0 @ModelAttribute, 0 @InitBinder, 1 RequestBodyAdvice, 1 ResponseBodyAdvice
[2022-09-06 16:55:17:223089] DEBUG 12292 --- [  restartedMain] o.s.w.s.h.SimpleUrlHandlerMapping        : Patterns [/swagger-ui/] in 'viewControllerHandlerMapping'
[2022-09-06 16:55:17:223451] DEBUG 12292 --- [  restartedMain] o.s.w.s.h.SimpleUrlHandlerMapping        : Patterns [/webjars/**, /**, /swagger-ui*/**, /swagger-ui/**] in 'resourceHandlerMapping'
[2022-09-06 16:55:17:223456] DEBUG 12292 --- [  restartedMain] .m.m.a.ExceptionHandlerExceptionResolver : ControllerAdvice beans: 1 @ExceptionHandler, 1 ResponseBodyAdvice
[2022-09-06 16:55:24:230125] DEBUG 12292 --- [  restartedMain] s.w.s.m.m.a.RequestMappingHandlerMapping : 65 mappings in 'requestMappingHandlerMapping'
[2022-09-06 16:55:24:230221] DEBUG 12292 --- [  restartedMain] s.w.s.m.m.a.RequestMappingHandlerAdapter : ControllerAdvice beans: 0 @ModelAttribute, 0 @InitBinder, 1 RequestBodyAdvice, 1 ResponseBodyAdvice
[2022-09-06 16:55:24:230226] DEBUG 12292 --- [  restartedMain] o.s.w.s.h.SimpleUrlHandlerMapping        : Patterns [/swagger-ui/] in 'viewControllerHandlerMapping'
[2022-09-06 16:55:25:230544] DEBUG 12292 --- [  restartedMain] o.s.w.s.h.SimpleUrlHandlerMapping        : Patterns [/webjars/**, /**, /swagger-ui*/**, /swagger-ui/**] in 'resourceHandlerMapping'
[2022-09-06 16:55:25:230549] DEBUG 12292 --- [  restartedMain] .m.m.a.ExceptionHandlerExceptionResolver : ControllerAdvice beans: 1 @ExceptionHandler, 1 ResponseBodyAdvice
[2022-09-06 16:56:07:272813] DEBUG 12292 --- [  restartedMain] s.w.s.m.m.a.RequestMappingHandlerMapping : 65 mappings in 'requestMappingHandlerMapping'
[2022-09-06 16:56:07:272886] DEBUG 12292 --- [  restartedMain] s.w.s.m.m.a.RequestMappingHandlerAdapter : ControllerAdvice beans: 0 @ModelAttribute, 0 @InitBinder, 1 RequestBodyAdvice, 1 ResponseBodyAdvice
[2022-09-06 16:56:07:272893] DEBUG 12292 --- [  restartedMain] o.s.w.s.h.SimpleUrlHandlerMapping        : Patterns [/swagger-ui/] in 'viewControllerHandlerMapping'
[2022-09-06 16:56:07:273245] DEBUG 12292 --- [  restartedMain] o.s.w.s.h.SimpleUrlHandlerMapping        : Patterns [/webjars/**, /**, /swagger-ui*/**, /swagger-ui/**] in 'resourceHandlerMapping'
[2022-09-06 16:56:07:273250] DEBUG 12292 --- [  restartedMain] .m.m.a.ExceptionHandlerExceptionResolver : ControllerAdvice beans: 1 @ExceptionHandler, 1 ResponseBodyAdvice
[2022-09-06 16:56:13:278977] INFO  12292 --- [nio-8080-exec-2] o.s.web.servlet.DispatcherServlet        : Initializing Servlet 'dispatcherServlet'
[2022-09-06 16:56:13:278978] DEBUG 12292 --- [nio-8080-exec-2] o.s.web.servlet.DispatcherServlet        : Detected StandardServletMultipartResolver
[2022-09-06 16:56:13:278978] DEBUG 12292 --- [nio-8080-exec-2] o.s.web.servlet.DispatcherServlet        : Detected AcceptHeaderLocaleResolver
[2022-09-06 16:56:13:278978] DEBUG 12292 --- [nio-8080-exec-2] o.s.web.servlet.DispatcherServlet        : Detected FixedThemeResolver
[2022-09-06 16:56:13:278979] DEBUG 12292 --- [nio-8080-exec-2] o.s.web.servlet.DispatcherServlet        : Detected org.springframework.web.servlet.view.DefaultRequestToViewNameTranslator@7f4f3276
[2022-09-06 16:56:13:278979] DEBUG 12292 --- [nio-8080-exec-2] o.s.web.servlet.DispatcherServlet        : Detected org.springframework.web.servlet.support.SessionFlashMapManager@436bbac8
[2022-09-06 16:56:13:278979] DEBUG 12292 --- [nio-8080-exec-2] o.s.web.servlet.DispatcherServlet        : enableLoggingRequestDetails='false': request parameters and headers will be masked to prevent unsafe logging of potentially sensitive data
[2022-09-06 16:56:13:278979] INFO  12292 --- [nio-8080-exec-2] o.s.web.servlet.DispatcherServlet        : Completed initialization in 1 ms
[2022-09-06 16:56:13:278984] DEBUG 12292 --- [nio-8080-exec-2] o.s.web.servlet.DispatcherServlet        : GET "/api/production/66", parameters={}
[2022-09-06 16:56:13:278985] DEBUG 12292 --- [nio-8080-exec-2] s.w.s.m.m.a.RequestMappingHandlerMapping : Mapped to com.gongzone.production.apiController.ProductionRestController#findByProductionId(Long)
[2022-09-06 16:56:13:278995] DEBUG 12292 --- [nio-8080-exec-2] o.s.web.servlet.DispatcherServlet        : Failed to complete request: java.lang.RuntimeException: 아
[2022-09-06 16:56:13:278998] DEBUG 12292 --- [nio-8080-exec-2] o.s.web.servlet.DispatcherServlet        : "ERROR" dispatch for GET "/error", parameters={}
[2022-09-06 16:56:13:278999] DEBUG 12292 --- [nio-8080-exec-2] s.w.s.m.m.a.RequestMappingHandlerMapping : Mapped to org.springframework.boot.autoconfigure.web.servlet.error.BasicErrorController#error(HttpServletRequest)
[2022-09-06 16:56:13:279001] DEBUG 12292 --- [nio-8080-exec-2] o.s.w.s.m.m.a.HttpEntityMethodProcessor  : Using 'application/json', given [*/*] and supported [application/json, application/*+json, application/json, application/*+json, application/cbor]
[2022-09-06 16:56:13:279001] DEBUG 12292 --- [nio-8080-exec-2] o.s.w.s.m.m.a.HttpEntityMethodProcessor  : Writing [{timestamp=Tue Sep 06 16:56:13 KST 2022, status=500, error=Internal Server Error, trace=java.lang.Ru (truncated)...]
[2022-09-06 16:56:13:279003] DEBUG 12292 --- [nio-8080-exec-2] o.s.web.servlet.DispatcherServlet        : Exiting from "ERROR" dispatch, status 500
[2022-09-06 16:56:34:299784] DEBUG 12292 --- [  restartedMain] s.w.s.m.m.a.RequestMappingHandlerMapping : 65 mappings in 'requestMappingHandlerMapping'
[2022-09-06 16:56:34:299864] DEBUG 12292 --- [  restartedMain] s.w.s.m.m.a.RequestMappingHandlerAdapter : ControllerAdvice beans: 0 @ModelAttribute, 0 @InitBinder, 1 RequestBodyAdvice, 1 ResponseBodyAdvice
[2022-09-06 16:56:34:299870] DEBUG 12292 --- [  restartedMain] o.s.w.s.h.SimpleUrlHandlerMapping        : Patterns [/swagger-ui/] in 'viewControllerHandlerMapping'
[2022-09-06 16:56:34:300230] DEBUG 12292 --- [  restartedMain] o.s.w.s.h.SimpleUrlHandlerMapping        : Patterns [/webjars/**, /**, /swagger-ui*/**, /swagger-ui/**] in 'resourceHandlerMapping'
[2022-09-06 16:56:34:300235] DEBUG 12292 --- [  restartedMain] .m.m.a.ExceptionHandlerExceptionResolver : ControllerAdvice beans: 1 @ExceptionHandler, 1 ResponseBodyAdvice
[2022-09-06 16:56:44:310026] DEBUG 12292 --- [  restartedMain] s.w.s.m.m.a.RequestMappingHandlerMapping : 65 mappings in 'requestMappingHandlerMapping'
[2022-09-06 16:56:44:310112] DEBUG 12292 --- [  restartedMain] s.w.s.m.m.a.RequestMappingHandlerAdapter : ControllerAdvice beans: 0 @ModelAttribute, 0 @InitBinder, 1 RequestBodyAdvice, 1 ResponseBodyAdvice
[2022-09-06 16:56:44:310120] DEBUG 12292 --- [  restartedMain] o.s.w.s.h.SimpleUrlHandlerMapping        : Patterns [/swagger-ui/] in 'viewControllerHandlerMapping'
[2022-09-06 16:56:44:310462] DEBUG 12292 --- [  restartedMain] o.s.w.s.h.SimpleUrlHandlerMapping        : Patterns [/webjars/**, /**, /swagger-ui*/**, /swagger-ui/**] in 'resourceHandlerMapping'
[2022-09-06 16:56:44:310466] DEBUG 12292 --- [  restartedMain] .m.m.a.ExceptionHandlerExceptionResolver : ControllerAdvice beans: 1 @ExceptionHandler, 1 ResponseBodyAdvice
[2022-09-06 16:56:55:321293] DEBUG 12292 --- [  restartedMain] s.w.s.m.m.a.RequestMappingHandlerMapping : 65 mappings in 'requestMappingHandlerMapping'
[2022-09-06 16:56:55:321367] DEBUG 12292 --- [  restartedMain] s.w.s.m.m.a.RequestMappingHandlerAdapter : ControllerAdvice beans: 0 @ModelAttribute, 0 @InitBinder, 1 RequestBodyAdvice, 1 ResponseBodyAdvice
[2022-09-06 16:56:55:321378] DEBUG 12292 --- [  restartedMain] o.s.w.s.h.SimpleUrlHandlerMapping        : Patterns [/swagger-ui/] in 'viewControllerHandlerMapping'
[2022-09-06 16:56:56:321778] DEBUG 12292 --- [  restartedMain] o.s.w.s.h.SimpleUrlHandlerMapping        : Patterns [/webjars/**, /**, /swagger-ui*/**, /swagger-ui/**] in 'resourceHandlerMapping'
[2022-09-06 16:56:56:321783] DEBUG 12292 --- [  restartedMain] .m.m.a.ExceptionHandlerExceptionResolver : ControllerAdvice beans: 1 @ExceptionHandler, 1 ResponseBodyAdvice
[2022-09-06 16:57:02:328008] INFO  12292 --- [nio-8080-exec-3] o.s.web.servlet.DispatcherServlet        : Initializing Servlet 'dispatcherServlet'
[2022-09-06 16:57:02:328008] DEBUG 12292 --- [nio-8080-exec-3] o.s.web.servlet.DispatcherServlet        : Detected StandardServletMultipartResolver
[2022-09-06 16:57:02:328008] DEBUG 12292 --- [nio-8080-exec-3] o.s.web.servlet.DispatcherServlet        : Detected AcceptHeaderLocaleResolver
[2022-09-06 16:57:02:328008] DEBUG 12292 --- [nio-8080-exec-3] o.s.web.servlet.DispatcherServlet        : Detected FixedThemeResolver
[2022-09-06 16:57:02:328011] DEBUG 12292 --- [nio-8080-exec-3] o.s.web.servlet.DispatcherServlet        : Detected org.springframework.web.servlet.view.DefaultRequestToViewNameTranslator@65b59c2c
[2022-09-06 16:57:02:328012] DEBUG 12292 --- [nio-8080-exec-3] o.s.web.servlet.DispatcherServlet        : Detected org.springframework.web.servlet.support.SessionFlashMapManager@5f5eed48
[2022-09-06 16:57:02:328012] DEBUG 12292 --- [nio-8080-exec-3] o.s.web.servlet.DispatcherServlet        : enableLoggingRequestDetails='false': request parameters and headers will be masked to prevent unsafe logging of potentially sensitive data
[2022-09-06 16:57:02:328012] INFO  12292 --- [nio-8080-exec-3] o.s.web.servlet.DispatcherServlet        : Completed initialization in 4 ms
[2022-09-06 16:57:02:328020] DEBUG 12292 --- [nio-8080-exec-3] o.s.web.servlet.DispatcherServlet        : GET "/api/productions/1", parameters={}
[2022-09-06 16:57:02:328022] DEBUG 12292 --- [nio-8080-exec-3] o.s.w.s.h.SimpleUrlHandlerMapping        : Mapped to ResourceHttpRequestHandler [classpath [META-INF/resources/], classpath [resources/], classpath [static/], classpath [public/], ServletContext [/]]
[2022-09-06 16:57:02:328026] DEBUG 12292 --- [nio-8080-exec-3] o.s.w.s.r.ResourceHttpRequestHandler     : Resource not found
[2022-09-06 16:57:02:328027] DEBUG 12292 --- [nio-8080-exec-3] o.s.web.servlet.DispatcherServlet        : Completed 404 NOT_FOUND
[2022-09-06 16:57:02:328028] DEBUG 12292 --- [nio-8080-exec-3] o.s.web.servlet.DispatcherServlet        : "ERROR" dispatch for GET "/error", parameters={}
[2022-09-06 16:57:02:328029] DEBUG 12292 --- [nio-8080-exec-3] s.w.s.m.m.a.RequestMappingHandlerMapping : Mapped to org.springframework.boot.autoconfigure.web.servlet.error.BasicErrorController#error(HttpServletRequest)
[2022-09-06 16:57:02:328031] DEBUG 12292 --- [nio-8080-exec-3] o.s.w.s.m.m.a.HttpEntityMethodProcessor  : Using 'application/json', given [*/*] and supported [application/json, application/*+json, application/json, application/*+json, application/cbor]
[2022-09-06 16:57:02:328031] DEBUG 12292 --- [nio-8080-exec-3] o.s.w.s.m.m.a.HttpEntityMethodProcessor  : Writing [{timestamp=Tue Sep 06 16:57:02 KST 2022, status=404, error=Not Found, message=No message available,  (truncated)...]
[2022-09-06 16:57:02:328034] DEBUG 12292 --- [nio-8080-exec-3] o.s.web.servlet.DispatcherServlet        : Exiting from "ERROR" dispatch, status 404
[2022-09-06 16:58:28:414314] DEBUG 12292 --- [nio-8080-exec-5] o.s.web.servlet.DispatcherServlet        : GET "/api/productions/1", parameters={}
[2022-09-06 16:58:28:414315] DEBUG 12292 --- [nio-8080-exec-5] o.s.w.s.h.SimpleUrlHandlerMapping        : Mapped to ResourceHttpRequestHandler [classpath [META-INF/resources/], classpath [resources/], classpath [static/], classpath [public/], ServletContext [/]]
[2022-09-06 16:58:28:414316] DEBUG 12292 --- [nio-8080-exec-5] o.s.w.s.r.ResourceHttpRequestHandler     : Resource not found
[2022-09-06 16:58:28:414316] DEBUG 12292 --- [nio-8080-exec-5] o.s.web.servlet.DispatcherServlet        : Completed 404 NOT_FOUND
[2022-09-06 16:58:28:414317] DEBUG 12292 --- [nio-8080-exec-5] o.s.web.servlet.DispatcherServlet        : "ERROR" dispatch for GET "/error", parameters={}
[2022-09-06 16:58:28:414317] DEBUG 12292 --- [nio-8080-exec-5] s.w.s.m.m.a.RequestMappingHandlerMapping : Mapped to org.springframework.boot.autoconfigure.web.servlet.error.BasicErrorController#error(HttpServletRequest)
[2022-09-06 16:58:28:414318] DEBUG 12292 --- [nio-8080-exec-5] o.s.w.s.m.m.a.HttpEntityMethodProcessor  : Using 'application/json', given [*/*] and supported [application/json, application/*+json, application/json, application/*+json, application/cbor]
[2022-09-06 16:58:28:414318] DEBUG 12292 --- [nio-8080-exec-5] o.s.w.s.m.m.a.HttpEntityMethodProcessor  : Writing [{timestamp=Tue Sep 06 16:58:28 KST 2022, status=404, error=Not Found, message=No message available,  (truncated)...]
[2022-09-06 16:58:28:414319] DEBUG 12292 --- [nio-8080-exec-5] o.s.web.servlet.DispatcherServlet        : Exiting from "ERROR" dispatch, status 404
[2022-09-06 16:58:32:417585] DEBUG 12292 --- [nio-8080-exec-6] o.s.web.servlet.DispatcherServlet        : GET "/api/production/1", parameters={}
[2022-09-06 16:58:32:417586] DEBUG 12292 --- [nio-8080-exec-6] s.w.s.m.m.a.RequestMappingHandlerMapping : Mapped to com.gongzone.production.apiController.ProductionRestController#findByProductionId(Long)
[2022-09-06 16:58:32:417627] DEBUG 12292 --- [nio-8080-exec-6] o.s.w.s.m.m.a.HttpEntityMethodProcessor  : Using 'application/json', given [*/*] and supported [application/json, application/*+json, application/json, application/*+json, application/cbor]
[2022-09-06 16:58:32:417627] DEBUG 12292 --- [nio-8080-exec-6] o.s.w.s.m.m.a.HttpEntityMethodProcessor  : Writing [com.gongzone.production.dto.ProductionDetailsDto@2009c15]
[2022-09-06 16:58:32:417633] DEBUG 12292 --- [nio-8080-exec-6] o.s.web.servlet.DispatcherServlet        : Completed 200 OK
[2022-09-06 16:59:11:457175] DEBUG 12292 --- [  restartedMain] s.w.s.m.m.a.RequestMappingHandlerMapping : 65 mappings in 'requestMappingHandlerMapping'
[2022-09-06 16:59:11:457262] DEBUG 12292 --- [  restartedMain] s.w.s.m.m.a.RequestMappingHandlerAdapter : ControllerAdvice beans: 0 @ModelAttribute, 0 @InitBinder, 1 RequestBodyAdvice, 1 ResponseBodyAdvice
[2022-09-06 16:59:11:457272] DEBUG 12292 --- [  restartedMain] o.s.w.s.h.SimpleUrlHandlerMapping        : Patterns [/swagger-ui/] in 'viewControllerHandlerMapping'
[2022-09-06 16:59:12:457621] DEBUG 12292 --- [  restartedMain] o.s.w.s.h.SimpleUrlHandlerMapping        : Patterns [/webjars/**, /**, /swagger-ui*/**, /swagger-ui/**] in 'resourceHandlerMapping'
[2022-09-06 16:59:12:457636] DEBUG 12292 --- [  restartedMain] .m.m.a.ExceptionHandlerExceptionResolver : ControllerAdvice beans: 1 @ExceptionHandler, 1 ResponseBodyAdvice
[2022-09-06 22:35:45:14947] DEBUG 15720 --- [  restartedMain] s.w.s.m.m.a.RequestMappingHandlerMapping : 65 mappings in 'requestMappingHandlerMapping'
[2022-09-06 22:35:46:15295] DEBUG 15720 --- [  restartedMain] s.w.s.m.m.a.RequestMappingHandlerAdapter : ControllerAdvice beans: 0 @ModelAttribute, 0 @InitBinder, 1 RequestBodyAdvice, 1 ResponseBodyAdvice
[2022-09-06 22:35:46:15336] DEBUG 15720 --- [  restartedMain] o.s.w.s.h.SimpleUrlHandlerMapping        : Patterns [/swagger-ui/] in 'viewControllerHandlerMapping'
[2022-09-06 22:35:47:15993] DEBUG 15720 --- [  restartedMain] o.s.w.s.h.SimpleUrlHandlerMapping        : Patterns [/webjars/**, /**, /swagger-ui*/**, /swagger-ui/**] in 'resourceHandlerMapping'
[2022-09-06 22:35:47:16007] DEBUG 15720 --- [  restartedMain] .m.m.a.ExceptionHandlerExceptionResolver : ControllerAdvice beans: 1 @ExceptionHandler, 1 ResponseBodyAdvice
[2022-09-06 22:36:11:40721] INFO  15720 --- [nio-8080-exec-2] o.s.web.servlet.DispatcherServlet        : Initializing Servlet 'dispatcherServlet'
[2022-09-06 22:36:11:40722] DEBUG 15720 --- [nio-8080-exec-2] o.s.web.servlet.DispatcherServlet        : Detected StandardServletMultipartResolver
[2022-09-06 22:36:11:40722] DEBUG 15720 --- [nio-8080-exec-2] o.s.web.servlet.DispatcherServlet        : Detected AcceptHeaderLocaleResolver
[2022-09-06 22:36:11:40722] DEBUG 15720 --- [nio-8080-exec-2] o.s.web.servlet.DispatcherServlet        : Detected FixedThemeResolver
[2022-09-06 22:36:11:40726] DEBUG 15720 --- [nio-8080-exec-2] o.s.web.servlet.DispatcherServlet        : Detected org.springframework.web.servlet.view.DefaultRequestToViewNameTranslator@720a7a9a
[2022-09-06 22:36:11:40727] DEBUG 15720 --- [nio-8080-exec-2] o.s.web.servlet.DispatcherServlet        : Detected org.springframework.web.servlet.support.SessionFlashMapManager@3154ef5b
[2022-09-06 22:36:11:40727] DEBUG 15720 --- [nio-8080-exec-2] o.s.web.servlet.DispatcherServlet        : enableLoggingRequestDetails='false': request parameters and headers will be masked to prevent unsafe logging of potentially sensitive data
[2022-09-06 22:36:11:40727] INFO  15720 --- [nio-8080-exec-2] o.s.web.servlet.DispatcherServlet        : Completed initialization in 6 ms
[2022-09-06 22:36:11:40796] DEBUG 15720 --- [nio-8080-exec-2] o.s.web.servlet.DispatcherServlet        : GET "/api/production/122", parameters={}
[2022-09-06 22:36:11:40803] DEBUG 15720 --- [nio-8080-exec-2] s.w.s.m.m.a.RequestMappingHandlerMapping : Mapped to com.gongzone.production.apiController.ProductionRestController#findByProductionId(Long)
[2022-09-06 22:36:11:40902] DEBUG 15720 --- [nio-8080-exec-2] o.s.web.servlet.DispatcherServlet        : Failed to complete request: com.gongzone.common.errors.exception.RestApiException
[2022-09-06 22:36:11:40911] DEBUG 15720 --- [nio-8080-exec-2] o.s.web.servlet.DispatcherServlet        : "ERROR" dispatch for GET "/error", parameters={}
[2022-09-06 22:36:11:40914] DEBUG 15720 --- [nio-8080-exec-2] s.w.s.m.m.a.RequestMappingHandlerMapping : Mapped to org.springframework.boot.autoconfigure.web.servlet.error.BasicErrorController#error(HttpServletRequest)
[2022-09-06 22:36:11:40932] DEBUG 15720 --- [nio-8080-exec-2] o.s.w.s.m.m.a.HttpEntityMethodProcessor  : Using 'application/json', given [*/*] and supported [application/json, application/*+json, application/json, application/*+json, application/cbor]
[2022-09-06 22:36:11:40933] DEBUG 15720 --- [nio-8080-exec-2] o.s.w.s.m.m.a.HttpEntityMethodProcessor  : Writing [{timestamp=Tue Sep 06 22:36:11 KST 2022, status=500, error=Internal Server Error, trace=com.gongzone (truncated)...]
[2022-09-06 22:36:11:40953] DEBUG 15720 --- [nio-8080-exec-2] o.s.web.servlet.DispatcherServlet        : Exiting from "ERROR" dispatch, status 500
[2022-09-06 22:39:00:209298] DEBUG 15720 --- [  restartedMain] s.w.s.m.m.a.RequestMappingHandlerMapping : 65 mappings in 'requestMappingHandlerMapping'
[2022-09-06 22:39:00:209382] DEBUG 15720 --- [  restartedMain] s.w.s.m.m.a.RequestMappingHandlerAdapter : ControllerAdvice beans: 0 @ModelAttribute, 0 @InitBinder, 1 RequestBodyAdvice, 1 ResponseBodyAdvice
[2022-09-06 22:39:00:209388] DEBUG 15720 --- [  restartedMain] o.s.w.s.h.SimpleUrlHandlerMapping        : Patterns [/swagger-ui/] in 'viewControllerHandlerMapping'
[2022-09-06 22:39:00:209675] DEBUG 15720 --- [  restartedMain] o.s.w.s.h.SimpleUrlHandlerMapping        : Patterns [/webjars/**, /**, /swagger-ui*/**, /swagger-ui/**] in 'resourceHandlerMapping'
[2022-09-06 22:39:00:209679] DEBUG 15720 --- [  restartedMain] .m.m.a.ExceptionHandlerExceptionResolver : ControllerAdvice beans: 1 @ExceptionHandler, 1 ResponseBodyAdvice
[2022-09-06 22:39:05:214263] INFO  15720 --- [nio-8080-exec-2] o.s.web.servlet.DispatcherServlet        : Initializing Servlet 'dispatcherServlet'
[2022-09-06 22:39:05:214263] DEBUG 15720 --- [nio-8080-exec-2] o.s.web.servlet.DispatcherServlet        : Detected StandardServletMultipartResolver
[2022-09-06 22:39:05:214263] DEBUG 15720 --- [nio-8080-exec-2] o.s.web.servlet.DispatcherServlet        : Detected AcceptHeaderLocaleResolver
[2022-09-06 22:39:05:214263] DEBUG 15720 --- [nio-8080-exec-2] o.s.web.servlet.DispatcherServlet        : Detected FixedThemeResolver
[2022-09-06 22:39:05:214264] DEBUG 15720 --- [nio-8080-exec-2] o.s.web.servlet.DispatcherServlet        : Detected org.springframework.web.servlet.view.DefaultRequestToViewNameTranslator@11bf034b
[2022-09-06 22:39:05:214265] DEBUG 15720 --- [nio-8080-exec-2] o.s.web.servlet.DispatcherServlet        : Detected org.springframework.web.servlet.support.SessionFlashMapManager@3a4589bb
[2022-09-06 22:39:05:214265] DEBUG 15720 --- [nio-8080-exec-2] o.s.web.servlet.DispatcherServlet        : enableLoggingRequestDetails='false': request parameters and headers will be masked to prevent unsafe logging of potentially sensitive data
[2022-09-06 22:39:05:214265] INFO  15720 --- [nio-8080-exec-2] o.s.web.servlet.DispatcherServlet        : Completed initialization in 2 ms
[2022-09-06 22:39:05:214270] DEBUG 15720 --- [nio-8080-exec-2] o.s.web.servlet.DispatcherServlet        : GET "/api/production/122", parameters={}
[2022-09-06 22:39:05:214271] DEBUG 15720 --- [nio-8080-exec-2] s.w.s.m.m.a.RequestMappingHandlerMapping : Mapped to com.gongzone.production.apiController.ProductionRestController#findByProductionId(Long)
[2022-09-06 22:39:05:214288] DEBUG 15720 --- [nio-8080-exec-2] o.s.web.servlet.DispatcherServlet        : Failed to complete request: java.lang.IllegalArgumentException
[2022-09-06 22:39:05:214290] DEBUG 15720 --- [nio-8080-exec-2] o.s.web.servlet.DispatcherServlet        : "ERROR" dispatch for GET "/error", parameters={}
[2022-09-06 22:39:05:214290] DEBUG 15720 --- [nio-8080-exec-2] s.w.s.m.m.a.RequestMappingHandlerMapping : Mapped to org.springframework.boot.autoconfigure.web.servlet.error.BasicErrorController#error(HttpServletRequest)
[2022-09-06 22:39:05:214291] DEBUG 15720 --- [nio-8080-exec-2] o.s.w.s.m.m.a.HttpEntityMethodProcessor  : Using 'application/json', given [*/*] and supported [application/json, application/*+json, application/json, application/*+json, application/cbor]
[2022-09-06 22:39:05:214291] DEBUG 15720 --- [nio-8080-exec-2] o.s.w.s.m.m.a.HttpEntityMethodProcessor  : Writing [{timestamp=Tue Sep 06 22:39:05 KST 2022, status=500, error=Internal Server Error, trace=java.lang.Il (truncated)...]
[2022-09-06 22:39:05:214294] DEBUG 15720 --- [nio-8080-exec-2] o.s.web.servlet.DispatcherServlet        : Exiting from "ERROR" dispatch, status 500
[2022-09-06 22:40:21:290316] DEBUG 15720 --- [  restartedMain] s.w.s.m.m.a.RequestMappingHandlerMapping : 65 mappings in 'requestMappingHandlerMapping'
[2022-09-06 22:40:21:290381] DEBUG 15720 --- [  restartedMain] s.w.s.m.m.a.RequestMappingHandlerAdapter : ControllerAdvice beans: 0 @ModelAttribute, 0 @InitBinder, 1 RequestBodyAdvice, 1 ResponseBodyAdvice
[2022-09-06 22:40:21:290386] DEBUG 15720 --- [  restartedMain] o.s.w.s.h.SimpleUrlHandlerMapping        : Patterns [/swagger-ui/] in 'viewControllerHandlerMapping'
[2022-09-06 22:40:21:290684] DEBUG 15720 --- [  restartedMain] o.s.w.s.h.SimpleUrlHandlerMapping        : Patterns [/webjars/**, /**, /swagger-ui*/**, /swagger-ui/**] in 'resourceHandlerMapping'
[2022-09-06 22:40:21:290688] DEBUG 15720 --- [  restartedMain] .m.m.a.ExceptionHandlerExceptionResolver : ControllerAdvice beans: 1 @ExceptionHandler, 1 ResponseBodyAdvice
[2022-09-06 23:02:28:12866] DEBUG 15848 --- [  restartedMain] s.w.s.m.m.a.RequestMappingHandlerMapping : 65 mappings in 'requestMappingHandlerMapping'
[2022-09-06 23:02:28:13104] DEBUG 15848 --- [  restartedMain] s.w.s.m.m.a.RequestMappingHandlerAdapter : ControllerAdvice beans: 0 @ModelAttribute, 0 @InitBinder, 1 RequestBodyAdvice, 1 ResponseBodyAdvice
[2022-09-06 23:02:28:13138] DEBUG 15848 --- [  restartedMain] o.s.w.s.h.SimpleUrlHandlerMapping        : Patterns [/swagger-ui/] in 'viewControllerHandlerMapping'
[2022-09-06 23:02:28:13533] DEBUG 15848 --- [  restartedMain] o.s.w.s.h.SimpleUrlHandlerMapping        : Patterns [/webjars/**, /**, /swagger-ui*/**, /swagger-ui/**] in 'resourceHandlerMapping'
[2022-09-06 23:02:28:13540] DEBUG 15848 --- [  restartedMain] .m.m.a.ExceptionHandlerExceptionResolver : ControllerAdvice beans: 1 @ExceptionHandler, 1 ResponseBodyAdvice
[2022-09-06 23:02:31:16219] INFO  15848 --- [nio-8080-exec-4] o.s.web.servlet.DispatcherServlet        : Initializing Servlet 'dispatcherServlet'
[2022-09-06 23:02:31:16219] DEBUG 15848 --- [nio-8080-exec-4] o.s.web.servlet.DispatcherServlet        : Detected StandardServletMultipartResolver
[2022-09-06 23:02:31:16219] DEBUG 15848 --- [nio-8080-exec-4] o.s.web.servlet.DispatcherServlet        : Detected AcceptHeaderLocaleResolver
[2022-09-06 23:02:31:16219] DEBUG 15848 --- [nio-8080-exec-4] o.s.web.servlet.DispatcherServlet        : Detected FixedThemeResolver
[2022-09-06 23:02:31:16220] DEBUG 15848 --- [nio-8080-exec-4] o.s.web.servlet.DispatcherServlet        : Detected org.springframework.web.servlet.view.DefaultRequestToViewNameTranslator@1bda1f70
[2022-09-06 23:02:31:16220] DEBUG 15848 --- [nio-8080-exec-4] o.s.web.servlet.DispatcherServlet        : Detected org.springframework.web.servlet.support.SessionFlashMapManager@2de44f0
[2022-09-06 23:02:31:16220] DEBUG 15848 --- [nio-8080-exec-4] o.s.web.servlet.DispatcherServlet        : enableLoggingRequestDetails='false': request parameters and headers will be masked to prevent unsafe logging of potentially sensitive data
[2022-09-06 23:02:31:16220] INFO  15848 --- [nio-8080-exec-4] o.s.web.servlet.DispatcherServlet        : Completed initialization in 1 ms
[2022-09-06 23:02:31:16267] DEBUG 15848 --- [nio-8080-exec-4] o.s.web.servlet.DispatcherServlet        : GET "/api/production/122", parameters={}
[2022-09-06 23:02:31:16271] DEBUG 15848 --- [nio-8080-exec-4] s.w.s.m.m.a.RequestMappingHandlerMapping : Mapped to com.gongzone.production.apiController.ProductionRestController#findByProductionId(Long)
[2022-09-06 23:02:31:16343] DEBUG 15848 --- [nio-8080-exec-4] o.s.web.servlet.DispatcherServlet        : Failed to complete request: com.gongzone.common.errors.exception.RestApiException
[2022-09-06 23:02:31:16350] DEBUG 15848 --- [nio-8080-exec-4] o.s.web.servlet.DispatcherServlet        : "ERROR" dispatch for GET "/error", parameters={}
[2022-09-06 23:02:31:16352] DEBUG 15848 --- [nio-8080-exec-4] s.w.s.m.m.a.RequestMappingHandlerMapping : Mapped to org.springframework.boot.autoconfigure.web.servlet.error.BasicErrorController#error(HttpServletRequest)
[2022-09-06 23:02:31:16364] DEBUG 15848 --- [nio-8080-exec-4] o.s.w.s.m.m.a.HttpEntityMethodProcessor  : Using 'application/json', given [*/*] and supported [application/json, application/*+json, application/json, application/*+json, application/cbor]
[2022-09-06 23:02:31:16364] DEBUG 15848 --- [nio-8080-exec-4] o.s.w.s.m.m.a.HttpEntityMethodProcessor  : Writing [{timestamp=Tue Sep 06 23:02:31 KST 2022, status=500, error=Internal Server Error, trace=com.gongzone (truncated)...]
[2022-09-06 23:02:31:16379] DEBUG 15848 --- [nio-8080-exec-4] o.s.web.servlet.DispatcherServlet        : Exiting from "ERROR" dispatch, status 500
[2022-09-06 23:04:09:113970] DEBUG 15848 --- [  restartedMain] s.w.s.m.m.a.RequestMappingHandlerMapping : 65 mappings in 'requestMappingHandlerMapping'
[2022-09-06 23:04:09:114035] DEBUG 15848 --- [  restartedMain] s.w.s.m.m.a.RequestMappingHandlerAdapter : ControllerAdvice beans: 0 @ModelAttribute, 0 @InitBinder, 1 RequestBodyAdvice, 1 ResponseBodyAdvice
[2022-09-06 23:04:09:114040] DEBUG 15848 --- [  restartedMain] o.s.w.s.h.SimpleUrlHandlerMapping        : Patterns [/swagger-ui/] in 'viewControllerHandlerMapping'
[2022-09-06 23:04:09:114347] DEBUG 15848 --- [  restartedMain] o.s.w.s.h.SimpleUrlHandlerMapping        : Patterns [/webjars/**, /**, /swagger-ui*/**, /swagger-ui/**] in 'resourceHandlerMapping'
[2022-09-06 23:04:09:114352] DEBUG 15848 --- [  restartedMain] .m.m.a.ExceptionHandlerExceptionResolver : ControllerAdvice beans: 1 @ExceptionHandler, 1 ResponseBodyAdvice
[2022-09-06 23:04:22:127109] DEBUG 15848 --- [  restartedMain] s.w.s.m.m.a.RequestMappingHandlerMapping : 65 mappings in 'requestMappingHandlerMapping'
[2022-09-06 23:04:22:127173] DEBUG 15848 --- [  restartedMain] s.w.s.m.m.a.RequestMappingHandlerAdapter : ControllerAdvice beans: 0 @ModelAttribute, 0 @InitBinder, 1 RequestBodyAdvice, 1 ResponseBodyAdvice
[2022-09-06 23:04:22:127183] DEBUG 15848 --- [  restartedMain] o.s.w.s.h.SimpleUrlHandlerMapping        : Patterns [/swagger-ui/] in 'viewControllerHandlerMapping'
[2022-09-06 23:04:22:127495] DEBUG 15848 --- [  restartedMain] o.s.w.s.h.SimpleUrlHandlerMapping        : Patterns [/webjars/**, /**, /swagger-ui*/**, /swagger-ui/**] in 'resourceHandlerMapping'
[2022-09-06 23:04:22:127501] DEBUG 15848 --- [  restartedMain] .m.m.a.ExceptionHandlerExceptionResolver : ControllerAdvice beans: 1 @ExceptionHandler, 1 ResponseBodyAdvice
[2022-09-06 23:24:43:17573] INFO  15848 --- [nio-8080-exec-2] o.s.web.servlet.DispatcherServlet        : Initializing Servlet 'dispatcherServlet'
[2022-09-06 23:24:43:17576] INFO  15848 --- [nio-8080-exec-2] o.s.web.servlet.DispatcherServlet        : Completed initialization in 2 ms
[2022-09-06 23:25:54:88909] INFO  15848 --- [nio-8080-exec-2] o.s.web.servlet.DispatcherServlet        : Initializing Servlet 'dispatcherServlet'
[2022-09-06 23:25:54:88910] INFO  15848 --- [nio-8080-exec-2] o.s.web.servlet.DispatcherServlet        : Completed initialization in 1 ms
[2022-09-06 23:26:35:129448] INFO  15848 --- [nio-8080-exec-2] o.s.web.servlet.DispatcherServlet        : Initializing Servlet 'dispatcherServlet'
[2022-09-06 23:26:35:129451] INFO  15848 --- [nio-8080-exec-2] o.s.web.servlet.DispatcherServlet        : Completed initialization in 2 ms
[2022-09-06 23:28:54:269098] INFO  15848 --- [nio-8080-exec-2] o.s.web.servlet.DispatcherServlet        : Initializing Servlet 'dispatcherServlet'
[2022-09-06 23:28:54:269099] INFO  15848 --- [nio-8080-exec-2] o.s.web.servlet.DispatcherServlet        : Completed initialization in 1 ms
[2022-09-06 23:31:26:420543] INFO  15848 --- [nio-8080-exec-2] o.s.web.servlet.DispatcherServlet        : Initializing Servlet 'dispatcherServlet'
[2022-09-06 23:31:26:420544] INFO  15848 --- [nio-8080-exec-2] o.s.web.servlet.DispatcherServlet        : Completed initialization in 1 ms
[2022-09-06 23:33:23:537189] INFO  15848 --- [nio-8080-exec-1] o.s.web.servlet.DispatcherServlet        : Initializing Servlet 'dispatcherServlet'
[2022-09-06 23:33:23:537191] INFO  15848 --- [nio-8080-exec-1] o.s.web.servlet.DispatcherServlet        : Completed initialization in 2 ms
[2022-09-06 23:43:13:1127546] INFO  15848 --- [nio-8080-exec-2] o.s.web.servlet.DispatcherServlet        : Initializing Servlet 'dispatcherServlet'
[2022-09-06 23:43:13:1127547] INFO  15848 --- [nio-8080-exec-2] o.s.web.servlet.DispatcherServlet        : Completed initialization in 1 ms
[2022-09-06 23:50:41:24023] INFO  14852 --- [nio-8080-exec-2] o.s.web.servlet.DispatcherServlet        : Initializing Servlet 'dispatcherServlet'
[2022-09-06 23:50:41:24029] INFO  14852 --- [nio-8080-exec-2] o.s.web.servlet.DispatcherServlet        : Completed initialization in 5 ms
[2022-09-06 23:51:54:97045] INFO  14852 --- [nio-8080-exec-2] o.s.web.servlet.DispatcherServlet        : Initializing Servlet 'dispatcherServlet'
[2022-09-06 23:51:54:97046] INFO  14852 --- [nio-8080-exec-2] o.s.web.servlet.DispatcherServlet        : Completed initialization in 1 ms
[2022-09-06 23:58:40:502946] INFO  14852 --- [nio-8080-exec-1] o.s.web.servlet.DispatcherServlet        : Initializing Servlet 'dispatcherServlet'
[2022-09-06 23:58:40:502948] INFO  14852 --- [nio-8080-exec-1] o.s.web.servlet.DispatcherServlet        : Completed initialization in 1 ms
