[2022-09-07 00:03:52:815334] INFO  14852 --- [nio-8080-exec-2] o.s.web.servlet.DispatcherServlet        : Initializing Servlet 'dispatcherServlet'
[2022-09-07 00:03:52:815338] INFO  14852 --- [nio-8080-exec-2] o.s.web.servlet.DispatcherServlet        : Completed initialization in 1 ms
[2022-09-07 00:06:36:19192] INFO  14000 --- [nio-8080-exec-2] o.s.web.servlet.DispatcherServlet        : Initializing Servlet 'dispatcherServlet'
[2022-09-07 00:06:36:19194] INFO  14000 --- [nio-8080-exec-2] o.s.web.servlet.DispatcherServlet        : Completed initialization in 1 ms
[2022-09-07 00:07:46:21936] INFO  15776 --- [nio-8080-exec-1] o.s.web.servlet.DispatcherServlet        : Initializing Servlet 'dispatcherServlet'
[2022-09-07 00:07:46:21952] INFO  15776 --- [nio-8080-exec-1] o.s.web.servlet.DispatcherServlet        : Completed initialization in 1 ms
[2022-09-07 00:12:33:308605] INFO  15776 --- [nio-8080-exec-2] o.s.web.servlet.DispatcherServlet        : Initializing Servlet 'dispatcherServlet'
[2022-09-07 00:12:33:308606] INFO  15776 --- [nio-8080-exec-2] o.s.web.servlet.DispatcherServlet        : Completed initialization in 1 ms
[2022-09-07 09:36:46:132219] INFO  11976 --- [nio-8080-exec-1] o.s.web.servlet.DispatcherServlet        : Initializing Servlet 'dispatcherServlet'
[2022-09-07 09:36:46:132220] INFO  11976 --- [nio-8080-exec-1] o.s.web.servlet.DispatcherServlet        : Completed initialization in 1 ms
[2022-09-07 09:38:48:254322] INFO  11976 --- [nio-8080-exec-1] o.s.web.servlet.DispatcherServlet        : Initializing Servlet 'dispatcherServlet'
[2022-09-07 09:38:48:254323] INFO  11976 --- [nio-8080-exec-1] o.s.web.servlet.DispatcherServlet        : Completed initialization in 1 ms
[2022-09-07 09:39:33:299139] INFO  11976 --- [nio-8080-exec-1] o.s.web.servlet.DispatcherServlet        : Initializing Servlet 'dispatcherServlet'
[2022-09-07 09:39:33:299140] INFO  11976 --- [nio-8080-exec-1] o.s.web.servlet.DispatcherServlet        : Completed initialization in 1 ms
[2022-09-07 09:42:17:33955] INFO  6520 --- [nio-8080-exec-1] o.s.web.servlet.DispatcherServlet        : Initializing Servlet 'dispatcherServlet'
[2022-09-07 09:42:17:33956] INFO  6520 --- [nio-8080-exec-1] o.s.web.servlet.DispatcherServlet        : Completed initialization in 1 ms
[2022-09-07 09:44:59:64851] INFO  2092 --- [nio-8080-exec-1] o.s.web.servlet.DispatcherServlet        : Initializing Servlet 'dispatcherServlet'
[2022-09-07 09:44:59:64853] INFO  2092 --- [nio-8080-exec-1] o.s.web.servlet.DispatcherServlet        : Completed initialization in 2 ms
[2022-09-07 09:54:24:629225] INFO  2092 --- [nio-8080-exec-2] o.s.web.servlet.DispatcherServlet        : Initializing Servlet 'dispatcherServlet'
[2022-09-07 09:54:24:629226] INFO  2092 --- [nio-8080-exec-2] o.s.web.servlet.DispatcherServlet        : Completed initialization in 1 ms
[2022-09-07 11:27:41:75597575] INFO  2180 --- [nio-8080-exec-1] o.s.web.servlet.DispatcherServlet        : Initializing Servlet 'dispatcherServlet'
[2022-09-07 11:27:41:75597576] INFO  2180 --- [nio-8080-exec-1] o.s.web.servlet.DispatcherServlet        : Completed initialization in 1 ms
[2022-09-07 11:44:23:76599969] INFO  2180 --- [nio-8080-exec-1] o.s.web.servlet.DispatcherServlet        : Initializing Servlet 'dispatcherServlet'
[2022-09-07 11:44:23:76599970] INFO  2180 --- [nio-8080-exec-1] o.s.web.servlet.DispatcherServlet        : Completed initialization in 1 ms
[2022-09-07 11:54:32:77208307] INFO  2180 --- [nio-8080-exec-1] o.s.web.servlet.DispatcherServlet        : Initializing Servlet 'dispatcherServlet'
[2022-09-07 11:54:32:77208308] INFO  2180 --- [nio-8080-exec-1] o.s.web.servlet.DispatcherServlet        : Completed initialization in 1 ms
[2022-09-07 11:54:58:77234981] WARN  2180 --- [nio-8080-exec-2] .w.s.m.s.DefaultHandlerExceptionResolver : Resolved [org.springframework.web.multipart.support.MissingServletRequestPartException: Required request part 'file' is not present]
[2022-09-07 11:58:15:77431289] WARN  2180 --- [nio-8080-exec-9] .w.s.m.s.DefaultHandlerExceptionResolver : Resolved [org.springframework.web.multipart.support.MissingServletRequestPartException: Required request part 'file' is not present]
[2022-09-07 12:00:54:77590390] WARN  2180 --- [nio-8080-exec-1] .w.s.m.s.DefaultHandlerExceptionResolver : Resolved [org.springframework.web.multipart.support.MissingServletRequestPartException: Required request part 'file' is not present]
[2022-09-07 12:04:01:77777656] INFO  2180 --- [nio-8080-exec-1] o.s.web.servlet.DispatcherServlet        : Initializing Servlet 'dispatcherServlet'
[2022-09-07 12:04:01:77777658] INFO  2180 --- [nio-8080-exec-1] o.s.web.servlet.DispatcherServlet        : Completed initialization in 2 ms
[2022-09-07 15:34:25:29725] INFO  4684 --- [nio-8080-exec-1] o.s.web.servlet.DispatcherServlet        : Initializing Servlet 'dispatcherServlet'
[2022-09-07 15:34:25:29726] INFO  4684 --- [nio-8080-exec-1] o.s.web.servlet.DispatcherServlet        : Completed initialization in 1 ms
[2022-09-08 05:00:49:82672] INFO  6548 --- [nio-8080-exec-1] o.s.web.servlet.DispatcherServlet        : Initializing Servlet 'dispatcherServlet'
[2022-09-08 05:00:49:82674] INFO  6548 --- [nio-8080-exec-1] o.s.web.servlet.DispatcherServlet        : Completed initialization in 2 ms
[2022-09-08 05:01:29:122638] INFO  6548 --- [nio-8080-exec-1] o.s.web.servlet.DispatcherServlet        : Initializing Servlet 'dispatcherServlet'
[2022-09-08 05:01:29:122639] INFO  6548 --- [nio-8080-exec-1] o.s.web.servlet.DispatcherServlet        : Completed initialization in 1 ms
[2022-09-08 05:11:57:750216] WARN  6548 --- [nio-8080-exec-6] .w.s.m.s.DefaultHandlerExceptionResolver : Resolved [org.springframework.web.HttpRequestMethodNotSupportedException: Request method 'POST' not supported]
[2022-09-08 05:13:08:821412] WARN  6548 --- [io-8080-exec-10] .w.s.m.s.DefaultHandlerExceptionResolver : Resolved [org.springframework.web.method.annotation.MethodArgumentTypeMismatchException: Failed to convert value of type 'java.lang.String' to required type 'java.lang.Long'; nested exception is java.lang.NumberFormatException: For input string: "edit"]
[2022-09-08 05:13:53:866768] WARN  6548 --- [nio-8080-exec-4] .w.s.m.s.DefaultHandlerExceptionResolver : Resolved [org.springframework.web.method.annotation.MethodArgumentTypeMismatchException: Failed to convert value of type 'java.lang.String' to required type 'java.lang.Long'; nested exception is java.lang.NumberFormatException: For input string: "list"]
[2022-09-08 05:14:23:896759] WARN  6548 --- [nio-8080-exec-9] .w.s.m.s.DefaultHandlerExceptionResolver : Resolved [org.springframework.web.method.annotation.MethodArgumentTypeMismatchException: Failed to convert value of type 'java.lang.String' to required type 'java.lang.Long'; nested exception is java.lang.NumberFormatException: For input string: "list"]
